#! /usr/bin/vvp
:ivl_version "11.0 (stable)";
:ivl_delay_selection "TYPICAL";
:vpi_time_precision + 0;
:vpi_module "/usr/lib/x86_64-linux-gnu/ivl/system.vpi";
:vpi_module "/usr/lib/x86_64-linux-gnu/ivl/vhdl_sys.vpi";
:vpi_module "/usr/lib/x86_64-linux-gnu/ivl/vhdl_textio.vpi";
:vpi_module "/usr/lib/x86_64-linux-gnu/ivl/v2005_math.vpi";
:vpi_module "/usr/lib/x86_64-linux-gnu/ivl/va_math.vpi";
S_0x64758f0d9ed0 .scope module, "tb_ALU" "tb_ALU" 2 1;
 .timescale 0 0;
v0x64758f106260_0 .var "A", 7 0;
v0x64758f106340_0 .var "B", 7 0;
v0x64758f1063e0_0 .net "Result", 7 0, v0x64758f105490_0;  1 drivers
v0x64758f106480_0 .var "clk", 0 0;
v0x64758f106520_0 .var "reset", 0 0;
v0x64758f1065c0_0 .var "sel", 2 0;
S_0x64758f0ec950 .scope module, "uut" "ALU" 2 8, 3 1 0, S_0x64758f0d9ed0;
 .timescale 0 0;
    .port_info 0 /INPUT 8 "A";
    .port_info 1 /INPUT 8 "B";
    .port_info 2 /INPUT 3 "sel";
    .port_info 3 /INPUT 1 "clk";
    .port_info 4 /INPUT 1 "reset";
    .port_info 5 /OUTPUT 8 "Result";
L_0x64758f106730 .functor AND 8, v0x64758f106260_0, v0x64758f106340_0, C4<11111111>, C4<11111111>;
L_0x64758f106870 .functor OR 8, v0x64758f106260_0, v0x64758f106340_0, C4<00000000>, C4<00000000>;
L_0x64758f1068e0 .functor XOR 8, v0x64758f106260_0, v0x64758f106340_0, C4<00000000>, C4<00000000>;
v0x64758f0ecc20_0 .net "A", 7 0, v0x64758f106260_0;  1 drivers
v0x64758f1053b0_0 .net "B", 7 0, v0x64758f106340_0;  1 drivers
v0x64758f105490_0 .var "Result", 7 0;
v0x64758f105550_0 .net *"_ivl_10", 6 0, L_0x64758f106980;  1 drivers
L_0x71172a86f018 .functor BUFT 1, C4<0>, C4<0>, C4<0>, C4<0>;
v0x64758f105630_0 .net *"_ivl_12", 0 0, L_0x71172a86f018;  1 drivers
v0x64758f105760_0 .net *"_ivl_16", 6 0, L_0x64758f106b50;  1 drivers
L_0x71172a86f060 .functor BUFT 1, C4<0>, C4<0>, C4<0>, C4<0>;
v0x64758f105840_0 .net *"_ivl_18", 0 0, L_0x71172a86f060;  1 drivers
v0x64758f105920_0 .net "and_out", 7 0, L_0x64758f106730;  1 drivers
v0x64758f105a00_0 .net "clk", 0 0, v0x64758f106480_0;  1 drivers
v0x64758f105ac0_0 .var "counter", 7 0;
v0x64758f105ba0_0 .net "left_shift", 7 0, L_0x64758f106a80;  1 drivers
v0x64758f105c80_0 .net "or_out", 7 0, L_0x64758f106870;  1 drivers
v0x64758f105d60_0 .net "reset", 0 0, v0x64758f106520_0;  1 drivers
v0x64758f105e20_0 .net "right_shift", 7 0, L_0x64758f106c20;  1 drivers
v0x64758f105f00_0 .net "sel", 2 0, v0x64758f1065c0_0;  1 drivers
v0x64758f105fe0_0 .net "sum", 7 0, L_0x64758f106690;  1 drivers
v0x64758f1060c0_0 .net "xor_out", 7 0, L_0x64758f1068e0;  1 drivers
E_0x64758f0e8cf0/0 .event edge, v0x64758f105f00_0, v0x64758f105fe0_0, v0x64758f105ba0_0, v0x64758f105e20_0;
E_0x64758f0e8cf0/1 .event edge, v0x64758f105ac0_0, v0x64758f105920_0, v0x64758f105c80_0, v0x64758f1060c0_0;
E_0x64758f0e8cf0 .event/or E_0x64758f0e8cf0/0, E_0x64758f0e8cf0/1;
E_0x64758f0e8550 .event posedge, v0x64758f105d60_0, v0x64758f105a00_0;
L_0x64758f106690 .arith/sum 8, v0x64758f106260_0, v0x64758f106340_0;
L_0x64758f106980 .part v0x64758f106260_0, 0, 7;
L_0x64758f106a80 .concat [ 1 7 0 0], L_0x71172a86f018, L_0x64758f106980;
L_0x64758f106b50 .part v0x64758f106260_0, 1, 7;
L_0x64758f106c20 .concat [ 7 1 0 0], L_0x64758f106b50, L_0x71172a86f060;
    .scope S_0x64758f0ec950;
T_0 ;
    %wait E_0x64758f0e8550;
    %load/vec4 v0x64758f105d60_0;
    %flag_set/vec4 8;
    %jmp/0xz  T_0.0, 8;
    %pushi/vec4 0, 0, 8;
    %assign/vec4 v0x64758f105ac0_0, 0;
    %jmp T_0.1;
T_0.0 ;
    %load/vec4 v0x64758f105ac0_0;
    %addi 1, 0, 8;
    %assign/vec4 v0x64758f105ac0_0, 0;
T_0.1 ;
    %jmp T_0;
    .thread T_0;
    .scope S_0x64758f0ec950;
T_1 ;
    %wait E_0x64758f0e8cf0;
    %load/vec4 v0x64758f105f00_0;
    %dup/vec4;
    %pushi/vec4 0, 0, 3;
    %cmp/u;
    %jmp/1 T_1.0, 6;
    %dup/vec4;
    %pushi/vec4 1, 0, 3;
    %cmp/u;
    %jmp/1 T_1.1, 6;
    %dup/vec4;
    %pushi/vec4 2, 0, 3;
    %cmp/u;
    %jmp/1 T_1.2, 6;
    %dup/vec4;
    %pushi/vec4 3, 0, 3;
    %cmp/u;
    %jmp/1 T_1.3, 6;
    %dup/vec4;
    %pushi/vec4 4, 0, 3;
    %cmp/u;
    %jmp/1 T_1.4, 6;
    %dup/vec4;
    %pushi/vec4 5, 0, 3;
    %cmp/u;
    %jmp/1 T_1.5, 6;
    %dup/vec4;
    %pushi/vec4 6, 0, 3;
    %cmp/u;
    %jmp/1 T_1.6, 6;
    %pushi/vec4 0, 0, 8;
    %store/vec4 v0x64758f105490_0, 0, 8;
    %jmp T_1.8;
T_1.0 ;
    %load/vec4 v0x64758f105fe0_0;
    %store/vec4 v0x64758f105490_0, 0, 8;
    %jmp T_1.8;
T_1.1 ;
    %load/vec4 v0x64758f105ba0_0;
    %store/vec4 v0x64758f105490_0, 0, 8;
    %jmp T_1.8;
T_1.2 ;
    %load/vec4 v0x64758f105e20_0;
    %store/vec4 v0x64758f105490_0, 0, 8;
    %jmp T_1.8;
T_1.3 ;
    %load/vec4 v0x64758f105ac0_0;
    %store/vec4 v0x64758f105490_0, 0, 8;
    %jmp T_1.8;
T_1.4 ;
    %load/vec4 v0x64758f105920_0;
    %store/vec4 v0x64758f105490_0, 0, 8;
    %jmp T_1.8;
T_1.5 ;
    %load/vec4 v0x64758f105c80_0;
    %store/vec4 v0x64758f105490_0, 0, 8;
    %jmp T_1.8;
T_1.6 ;
    %load/vec4 v0x64758f1060c0_0;
    %store/vec4 v0x64758f105490_0, 0, 8;
    %jmp T_1.8;
T_1.8 ;
    %pop/vec4 1;
    %jmp T_1;
    .thread T_1, $push;
    .scope S_0x64758f0d9ed0;
T_2 ;
    %delay 5, 0;
    %load/vec4 v0x64758f106480_0;
    %inv;
    %store/vec4 v0x64758f106480_0, 0, 1;
    %jmp T_2;
    .thread T_2;
    .scope S_0x64758f0d9ed0;
T_3 ;
    %vpi_call 2 22 "$dumpfile", "alu_wave.vcd" {0 0 0};
    %vpi_call 2 23 "$dumpvars", 32'sb00000000000000000000000000000000, S_0x64758f0d9ed0 {0 0 0};
    %pushi/vec4 0, 0, 1;
    %store/vec4 v0x64758f106480_0, 0, 1;
    %pushi/vec4 1, 0, 1;
    %store/vec4 v0x64758f106520_0, 0, 1;
    %pushi/vec4 0, 0, 8;
    %store/vec4 v0x64758f106260_0, 0, 8;
    %pushi/vec4 0, 0, 8;
    %store/vec4 v0x64758f106340_0, 0, 8;
    %pushi/vec4 0, 0, 3;
    %store/vec4 v0x64758f1065c0_0, 0, 3;
    %delay 10, 0;
    %pushi/vec4 0, 0, 1;
    %store/vec4 v0x64758f106520_0, 0, 1;
    %pushi/vec4 5, 0, 8;
    %store/vec4 v0x64758f106260_0, 0, 8;
    %pushi/vec4 3, 0, 8;
    %store/vec4 v0x64758f106340_0, 0, 8;
    %pushi/vec4 0, 0, 3;
    %store/vec4 v0x64758f1065c0_0, 0, 3;
    %delay 10, 0;
    %pushi/vec4 1, 0, 3;
    %store/vec4 v0x64758f1065c0_0, 0, 3;
    %delay 10, 0;
    %pushi/vec4 2, 0, 3;
    %store/vec4 v0x64758f1065c0_0, 0, 3;
    %delay 10, 0;
    %pushi/vec4 3, 0, 3;
    %store/vec4 v0x64758f1065c0_0, 0, 3;
    %delay 50, 0;
    %pushi/vec4 4, 0, 3;
    %store/vec4 v0x64758f1065c0_0, 0, 3;
    %delay 10, 0;
    %pushi/vec4 5, 0, 3;
    %store/vec4 v0x64758f1065c0_0, 0, 3;
    %delay 10, 0;
    %pushi/vec4 6, 0, 3;
    %store/vec4 v0x64758f1065c0_0, 0, 3;
    %delay 10, 0;
    %vpi_call 2 52 "$finish" {0 0 0};
    %end;
    .thread T_3;
# The file index is used to find the file name in the following table.
:file_names 4;
    "N/A";
    "<interactive>";
    "alu_tb.v";
    "alu.v";
