#! /usr/bin/vvp
:ivl_version "11.0 (stable)";
:ivl_delay_selection "TYPICAL";
:vpi_time_precision + 0;
:vpi_module "/usr/lib/x86_64-linux-gnu/ivl/system.vpi";
:vpi_module "/usr/lib/x86_64-linux-gnu/ivl/vhdl_sys.vpi";
:vpi_module "/usr/lib/x86_64-linux-gnu/ivl/vhdl_textio.vpi";
:vpi_module "/usr/lib/x86_64-linux-gnu/ivl/v2005_math.vpi";
:vpi_module "/usr/lib/x86_64-linux-gnu/ivl/va_math.vpi";
S_0x613fee9adcc0 .scope module, "tb_counter" "tb_counter" 2 1;
 .timescale 0 0;
v0x613fee9c2d70_0 .var "Data", 7 0;
v0x613fee9c2e50_0 .net "Q", 7 0, v0x613fee9c28a0_0;  1 drivers
v0x613fee9c2f20_0 .var "clk", 0 0;
v0x613fee9c3020_0 .var "enable", 0 0;
v0x613fee9c30f0_0 .var "load", 0 0;
v0x613fee9c31e0_0 .var "reset", 0 0;
S_0x613fee9ade50 .scope module, "uut" "counter" 2 10, 3 1 0, S_0x613fee9adcc0;
 .timescale 0 0;
    .port_info 0 /INPUT 8 "Data";
    .port_info 1 /INPUT 1 "enable";
    .port_info 2 /INPUT 1 "load";
    .port_info 3 /INPUT 1 "clk";
    .port_info 4 /INPUT 1 "reset";
    .port_info 5 /OUTPUT 8 "Q";
v0x613fee972db0_0 .net "Data", 7 0, v0x613fee9c2d70_0;  1 drivers
v0x613fee9c28a0_0 .var "Q", 7 0;
v0x613fee9c2980_0 .net "clk", 0 0, v0x613fee9c2f20_0;  1 drivers
v0x613fee9c2a20_0 .net "enable", 0 0, v0x613fee9c3020_0;  1 drivers
v0x613fee9c2ae0_0 .net "load", 0 0, v0x613fee9c30f0_0;  1 drivers
v0x613fee9c2bf0_0 .net "reset", 0 0, v0x613fee9c31e0_0;  1 drivers
E_0x613fee9abe50 .event posedge, v0x613fee9c2bf0_0, v0x613fee9c2980_0;
    .scope S_0x613fee9ade50;
T_0 ;
    %wait E_0x613fee9abe50;
    %load/vec4 v0x613fee9c2bf0_0;
    %flag_set/vec4 8;
    %jmp/0xz  T_0.0, 8;
    %pushi/vec4 0, 0, 8;
    %assign/vec4 v0x613fee9c28a0_0, 0;
    %jmp T_0.1;
T_0.0 ;
    %load/vec4 v0x613fee9c2ae0_0;
    %flag_set/vec4 8;
    %jmp/0xz  T_0.2, 8;
    %load/vec4 v0x613fee972db0_0;
    %assign/vec4 v0x613fee9c28a0_0, 0;
    %jmp T_0.3;
T_0.2 ;
    %load/vec4 v0x613fee9c2a20_0;
    %flag_set/vec4 8;
    %jmp/0xz  T_0.4, 8;
    %load/vec4 v0x613fee9c28a0_0;
    %addi 1, 0, 8;
    %assign/vec4 v0x613fee9c28a0_0, 0;
T_0.4 ;
T_0.3 ;
T_0.1 ;
    %jmp T_0;
    .thread T_0;
    .scope S_0x613fee9adcc0;
T_1 ;
    %delay 5, 0;
    %load/vec4 v0x613fee9c2f20_0;
    %inv;
    %store/vec4 v0x613fee9c2f20_0, 0, 1;
    %jmp T_1;
    .thread T_1;
    .scope S_0x613fee9adcc0;
T_2 ;
    %pushi/vec4 0, 0, 1;
    %store/vec4 v0x613fee9c2f20_0, 0, 1;
    %pushi/vec4 0, 0, 1;
    %store/vec4 v0x613fee9c31e0_0, 0, 1;
    %pushi/vec4 0, 0, 1;
    %store/vec4 v0x613fee9c3020_0, 0, 1;
    %pushi/vec4 0, 0, 1;
    %store/vec4 v0x613fee9c30f0_0, 0, 1;
    %pushi/vec4 0, 0, 8;
    %store/vec4 v0x613fee9c2d70_0, 0, 8;
    %vpi_call 2 33 "$dumpfile", "counter_wave.vcd" {0 0 0};
    %vpi_call 2 34 "$dumpvars", 32'sb00000000000000000000000000000000, S_0x613fee9adcc0 {0 0 0};
    %pushi/vec4 1, 0, 1;
    %store/vec4 v0x613fee9c31e0_0, 0, 1;
    %delay 10, 0;
    %pushi/vec4 0, 0, 1;
    %store/vec4 v0x613fee9c31e0_0, 0, 1;
    %delay 10, 0;
    %pushi/vec4 1, 0, 1;
    %store/vec4 v0x613fee9c30f0_0, 0, 1;
    %pushi/vec4 85, 0, 8;
    %store/vec4 v0x613fee9c2d70_0, 0, 8;
    %delay 10, 0;
    %pushi/vec4 0, 0, 1;
    %store/vec4 v0x613fee9c30f0_0, 0, 1;
    %delay 10, 0;
    %pushi/vec4 1, 0, 1;
    %store/vec4 v0x613fee9c3020_0, 0, 1;
    %delay 50, 0;
    %pushi/vec4 0, 0, 1;
    %store/vec4 v0x613fee9c3020_0, 0, 1;
    %delay 10, 0;
    %pushi/vec4 1, 0, 1;
    %store/vec4 v0x613fee9c30f0_0, 0, 1;
    %pushi/vec4 255, 0, 8;
    %store/vec4 v0x613fee9c2d70_0, 0, 8;
    %delay 10, 0;
    %vpi_call 2 62 "$finish" {0 0 0};
    %end;
    .thread T_2;
# The file index is used to find the file name in the following table.
:file_names 4;
    "N/A";
    "<interactive>";
    "counter_tb.v";
    "counter.v";
