#! /usr/bin/vvp
:ivl_version "11.0 (stable)";
:ivl_delay_selection "TYPICAL";
:vpi_time_precision + 0;
:vpi_module "/usr/lib/x86_64-linux-gnu/ivl/system.vpi";
:vpi_module "/usr/lib/x86_64-linux-gnu/ivl/vhdl_sys.vpi";
:vpi_module "/usr/lib/x86_64-linux-gnu/ivl/vhdl_textio.vpi";
:vpi_module "/usr/lib/x86_64-linux-gnu/ivl/v2005_math.vpi";
:vpi_module "/usr/lib/x86_64-linux-gnu/ivl/va_math.vpi";
S_0x5bb05c5d9ad0 .scope module, "tb_PriorityEncoder8to3" "tb_PriorityEncoder8to3" 2 1;
 .timescale 0 0;
v0x5bb05c5ee710_0 .var "I", 7 0;
v0x5bb05c5ee800_0 .net "V", 0 0, v0x5bb05c5ee510_0;  1 drivers
v0x5bb05c5ee8d0_0 .net "Y", 2 0, v0x5bb05c5ee5d0_0;  1 drivers
S_0x5bb05c5d9c60 .scope module, "uut" "PriorityEncoder8to3" 2 7, 3 1 0, S_0x5bb05c5d9ad0;
 .timescale 0 0;
    .port_info 0 /INPUT 8 "I";
    .port_info 1 /OUTPUT 3 "Y";
    .port_info 2 /OUTPUT 1 "V";
v0x5bb05c59dba0_0 .net "I", 7 0, v0x5bb05c5ee710_0;  1 drivers
v0x5bb05c5ee510_0 .var "V", 0 0;
v0x5bb05c5ee5d0_0 .var "Y", 2 0;
E_0x5bb05c59c3f0 .event edge, v0x5bb05c59dba0_0;
    .scope S_0x5bb05c5d9c60;
T_0 ;
    %wait E_0x5bb05c59c3f0;
    %pushi/vec4 1, 0, 1;
    %dup/vec4;
    %load/vec4 v0x5bb05c59dba0_0;
    %parti/s 1, 7, 4;
    %cmp/u;
    %jmp/1 T_0.0, 6;
    %dup/vec4;
    %load/vec4 v0x5bb05c59dba0_0;
    %parti/s 1, 6, 4;
    %cmp/u;
    %jmp/1 T_0.1, 6;
    %dup/vec4;
    %load/vec4 v0x5bb05c59dba0_0;
    %parti/s 1, 5, 4;
    %cmp/u;
    %jmp/1 T_0.2, 6;
    %dup/vec4;
    %load/vec4 v0x5bb05c59dba0_0;
    %parti/s 1, 4, 4;
    %cmp/u;
    %jmp/1 T_0.3, 6;
    %dup/vec4;
    %load/vec4 v0x5bb05c59dba0_0;
    %parti/s 1, 3, 3;
    %cmp/u;
    %jmp/1 T_0.4, 6;
    %dup/vec4;
    %load/vec4 v0x5bb05c59dba0_0;
    %parti/s 1, 2, 3;
    %cmp/u;
    %jmp/1 T_0.5, 6;
    %dup/vec4;
    %load/vec4 v0x5bb05c59dba0_0;
    %parti/s 1, 1, 2;
    %cmp/u;
    %jmp/1 T_0.6, 6;
    %dup/vec4;
    %load/vec4 v0x5bb05c59dba0_0;
    %parti/s 1, 0, 2;
    %cmp/u;
    %jmp/1 T_0.7, 6;
    %pushi/vec4 0, 0, 3;
    %store/vec4 v0x5bb05c5ee5d0_0, 0, 3;
    %pushi/vec4 0, 0, 1;
    %store/vec4 v0x5bb05c5ee510_0, 0, 1;
    %jmp T_0.9;
T_0.0 ;
    %pushi/vec4 7, 0, 3;
    %store/vec4 v0x5bb05c5ee5d0_0, 0, 3;
    %pushi/vec4 1, 0, 1;
    %store/vec4 v0x5bb05c5ee510_0, 0, 1;
    %jmp T_0.9;
T_0.1 ;
    %pushi/vec4 6, 0, 3;
    %store/vec4 v0x5bb05c5ee5d0_0, 0, 3;
    %pushi/vec4 1, 0, 1;
    %store/vec4 v0x5bb05c5ee510_0, 0, 1;
    %jmp T_0.9;
T_0.2 ;
    %pushi/vec4 5, 0, 3;
    %store/vec4 v0x5bb05c5ee5d0_0, 0, 3;
    %pushi/vec4 1, 0, 1;
    %store/vec4 v0x5bb05c5ee510_0, 0, 1;
    %jmp T_0.9;
T_0.3 ;
    %pushi/vec4 4, 0, 3;
    %store/vec4 v0x5bb05c5ee5d0_0, 0, 3;
    %pushi/vec4 1, 0, 1;
    %store/vec4 v0x5bb05c5ee510_0, 0, 1;
    %jmp T_0.9;
T_0.4 ;
    %pushi/vec4 3, 0, 3;
    %store/vec4 v0x5bb05c5ee5d0_0, 0, 3;
    %pushi/vec4 1, 0, 1;
    %store/vec4 v0x5bb05c5ee510_0, 0, 1;
    %jmp T_0.9;
T_0.5 ;
    %pushi/vec4 2, 0, 3;
    %store/vec4 v0x5bb05c5ee5d0_0, 0, 3;
    %pushi/vec4 1, 0, 1;
    %store/vec4 v0x5bb05c5ee510_0, 0, 1;
    %jmp T_0.9;
T_0.6 ;
    %pushi/vec4 1, 0, 3;
    %store/vec4 v0x5bb05c5ee5d0_0, 0, 3;
    %pushi/vec4 1, 0, 1;
    %store/vec4 v0x5bb05c5ee510_0, 0, 1;
    %jmp T_0.9;
T_0.7 ;
    %pushi/vec4 0, 0, 3;
    %store/vec4 v0x5bb05c5ee5d0_0, 0, 3;
    %pushi/vec4 1, 0, 1;
    %store/vec4 v0x5bb05c5ee510_0, 0, 1;
    %jmp T_0.9;
T_0.9 ;
    %pop/vec4 1;
    %jmp T_0;
    .thread T_0, $push;
    .scope S_0x5bb05c5d9ad0;
T_1 ;
    %vpi_call 2 15 "$dumpfile", "priority_encoder.vcd" {0 0 0};
    %vpi_call 2 16 "$dumpvars", 32'sb00000000000000000000000000000000, S_0x5bb05c5d9ad0 {0 0 0};
    %pushi/vec4 0, 0, 8;
    %store/vec4 v0x5bb05c5ee710_0, 0, 8;
    %delay 10, 0;
    %pushi/vec4 1, 0, 8;
    %store/vec4 v0x5bb05c5ee710_0, 0, 8;
    %delay 10, 0;
    %pushi/vec4 2, 0, 8;
    %store/vec4 v0x5bb05c5ee710_0, 0, 8;
    %delay 10, 0;
    %pushi/vec4 4, 0, 8;
    %store/vec4 v0x5bb05c5ee710_0, 0, 8;
    %delay 10, 0;
    %pushi/vec4 8, 0, 8;
    %store/vec4 v0x5bb05c5ee710_0, 0, 8;
    %delay 10, 0;
    %pushi/vec4 16, 0, 8;
    %store/vec4 v0x5bb05c5ee710_0, 0, 8;
    %delay 10, 0;
    %pushi/vec4 32, 0, 8;
    %store/vec4 v0x5bb05c5ee710_0, 0, 8;
    %delay 10, 0;
    %pushi/vec4 64, 0, 8;
    %store/vec4 v0x5bb05c5ee710_0, 0, 8;
    %delay 10, 0;
    %pushi/vec4 128, 0, 8;
    %store/vec4 v0x5bb05c5ee710_0, 0, 8;
    %delay 10, 0;
    %pushi/vec4 255, 0, 8;
    %store/vec4 v0x5bb05c5ee710_0, 0, 8;
    %delay 10, 0;
    %vpi_call 2 31 "$finish" {0 0 0};
    %end;
    .thread T_1;
# The file index is used to find the file name in the following table.
:file_names 4;
    "N/A";
    "<interactive>";
    "encoder3to8_tb.v";
    "encoder3to8.v";
