#! /usr/bin/vvp
:ivl_version "11.0 (stable)";
:ivl_delay_selection "TYPICAL";
:vpi_time_precision + 0;
:vpi_module "/usr/lib/x86_64-linux-gnu/ivl/system.vpi";
:vpi_module "/usr/lib/x86_64-linux-gnu/ivl/vhdl_sys.vpi";
:vpi_module "/usr/lib/x86_64-linux-gnu/ivl/vhdl_textio.vpi";
:vpi_module "/usr/lib/x86_64-linux-gnu/ivl/v2005_math.vpi";
:vpi_module "/usr/lib/x86_64-linux-gnu/ivl/va_math.vpi";
S_0x555b315b5cf0 .scope module, "tb_MUX8to1_4bit" "tb_MUX8to1_4bit" 2 1;
 .timescale 0 0;
v0x555b315cc8b0_0 .var "D0", 3 0;
v0x555b315cc990_0 .var "D1", 3 0;
v0x555b315cca60_0 .var "D2", 3 0;
v0x555b315ccb60_0 .var "D3", 3 0;
v0x555b315ccc30_0 .var "D4", 3 0;
v0x555b315cccd0_0 .var "D5", 3 0;
v0x555b315ccda0_0 .var "D6", 3 0;
v0x555b315cce70_0 .var "D7", 3 0;
v0x555b315ccf40_0 .var "S", 2 0;
v0x555b315cd0a0_0 .net "Y", 3 0, v0x555b315cc630_0;  1 drivers
S_0x555b315b5e80 .scope module, "uut" "MUX8to1_4bit" 2 7, 3 1 0, S_0x555b315b5cf0;
 .timescale 0 0;
    .port_info 0 /INPUT 4 "D0";
    .port_info 1 /INPUT 4 "D1";
    .port_info 2 /INPUT 4 "D2";
    .port_info 3 /INPUT 4 "D3";
    .port_info 4 /INPUT 4 "D4";
    .port_info 5 /INPUT 4 "D5";
    .port_info 6 /INPUT 4 "D6";
    .port_info 7 /INPUT 4 "D7";
    .port_info 8 /INPUT 3 "S";
    .port_info 9 /OUTPUT 4 "Y";
v0x555b3157bba0_0 .net "D0", 3 0, v0x555b315cc8b0_0;  1 drivers
v0x555b315cbf00_0 .net "D1", 3 0, v0x555b315cc990_0;  1 drivers
v0x555b315cbfe0_0 .net "D2", 3 0, v0x555b315cca60_0;  1 drivers
v0x555b315cc0a0_0 .net "D3", 3 0, v0x555b315ccb60_0;  1 drivers
v0x555b315cc180_0 .net "D4", 3 0, v0x555b315ccc30_0;  1 drivers
v0x555b315cc2b0_0 .net "D5", 3 0, v0x555b315cccd0_0;  1 drivers
v0x555b315cc390_0 .net "D6", 3 0, v0x555b315ccda0_0;  1 drivers
v0x555b315cc470_0 .net "D7", 3 0, v0x555b315cce70_0;  1 drivers
v0x555b315cc550_0 .net "S", 2 0, v0x555b315ccf40_0;  1 drivers
v0x555b315cc630_0 .var "Y", 3 0;
E_0x555b315b31b0/0 .event edge, v0x555b315cc550_0, v0x555b3157bba0_0, v0x555b315cbf00_0, v0x555b315cbfe0_0;
E_0x555b315b31b0/1 .event edge, v0x555b315cc0a0_0, v0x555b315cc180_0, v0x555b315cc2b0_0, v0x555b315cc390_0;
E_0x555b315b31b0/2 .event edge, v0x555b315cc470_0;
E_0x555b315b31b0 .event/or E_0x555b315b31b0/0, E_0x555b315b31b0/1, E_0x555b315b31b0/2;
    .scope S_0x555b315b5e80;
T_0 ;
    %wait E_0x555b315b31b0;
    %load/vec4 v0x555b315cc550_0;
    %dup/vec4;
    %pushi/vec4 0, 0, 3;
    %cmp/u;
    %jmp/1 T_0.0, 6;
    %dup/vec4;
    %pushi/vec4 1, 0, 3;
    %cmp/u;
    %jmp/1 T_0.1, 6;
    %dup/vec4;
    %pushi/vec4 2, 0, 3;
    %cmp/u;
    %jmp/1 T_0.2, 6;
    %dup/vec4;
    %pushi/vec4 3, 0, 3;
    %cmp/u;
    %jmp/1 T_0.3, 6;
    %dup/vec4;
    %pushi/vec4 4, 0, 3;
    %cmp/u;
    %jmp/1 T_0.4, 6;
    %dup/vec4;
    %pushi/vec4 5, 0, 3;
    %cmp/u;
    %jmp/1 T_0.5, 6;
    %dup/vec4;
    %pushi/vec4 6, 0, 3;
    %cmp/u;
    %jmp/1 T_0.6, 6;
    %dup/vec4;
    %pushi/vec4 7, 0, 3;
    %cmp/u;
    %jmp/1 T_0.7, 6;
    %pushi/vec4 0, 0, 4;
    %store/vec4 v0x555b315cc630_0, 0, 4;
    %jmp T_0.9;
T_0.0 ;
    %load/vec4 v0x555b3157bba0_0;
    %store/vec4 v0x555b315cc630_0, 0, 4;
    %jmp T_0.9;
T_0.1 ;
    %load/vec4 v0x555b315cbf00_0;
    %store/vec4 v0x555b315cc630_0, 0, 4;
    %jmp T_0.9;
T_0.2 ;
    %load/vec4 v0x555b315cbfe0_0;
    %store/vec4 v0x555b315cc630_0, 0, 4;
    %jmp T_0.9;
T_0.3 ;
    %load/vec4 v0x555b315cc0a0_0;
    %store/vec4 v0x555b315cc630_0, 0, 4;
    %jmp T_0.9;
T_0.4 ;
    %load/vec4 v0x555b315cc180_0;
    %store/vec4 v0x555b315cc630_0, 0, 4;
    %jmp T_0.9;
T_0.5 ;
    %load/vec4 v0x555b315cc2b0_0;
    %store/vec4 v0x555b315cc630_0, 0, 4;
    %jmp T_0.9;
T_0.6 ;
    %load/vec4 v0x555b315cc390_0;
    %store/vec4 v0x555b315cc630_0, 0, 4;
    %jmp T_0.9;
T_0.7 ;
    %load/vec4 v0x555b315cc470_0;
    %store/vec4 v0x555b315cc630_0, 0, 4;
    %jmp T_0.9;
T_0.9 ;
    %pop/vec4 1;
    %jmp T_0;
    .thread T_0, $push;
    .scope S_0x555b315b5cf0;
T_1 ;
    %vpi_call 2 13 "$dumpfile", "mux8to1_4bit.vcd" {0 0 0};
    %vpi_call 2 14 "$dumpvars", 32'sb00000000000000000000000000000000, S_0x555b315b5cf0 {0 0 0};
    %end;
    .thread T_1;
    .scope S_0x555b315b5cf0;
T_2 ;
    %pushi/vec4 1, 0, 4;
    %store/vec4 v0x555b315cc8b0_0, 0, 4;
    %pushi/vec4 2, 0, 4;
    %store/vec4 v0x555b315cc990_0, 0, 4;
    %pushi/vec4 3, 0, 4;
    %store/vec4 v0x555b315cca60_0, 0, 4;
    %pushi/vec4 4, 0, 4;
    %store/vec4 v0x555b315ccb60_0, 0, 4;
    %pushi/vec4 5, 0, 4;
    %store/vec4 v0x555b315ccc30_0, 0, 4;
    %pushi/vec4 6, 0, 4;
    %store/vec4 v0x555b315cccd0_0, 0, 4;
    %pushi/vec4 7, 0, 4;
    %store/vec4 v0x555b315ccda0_0, 0, 4;
    %pushi/vec4 8, 0, 4;
    %store/vec4 v0x555b315cce70_0, 0, 4;
    %pushi/vec4 0, 0, 3;
    %store/vec4 v0x555b315ccf40_0, 0, 3;
T_2.0 ;
    %load/vec4 v0x555b315ccf40_0;
    %pad/u 32;
    %cmpi/u 8, 0, 32;
    %jmp/0xz T_2.1, 5;
    %delay 10, 0;
    %vpi_call 2 25 "$display", "S = %b, Y = %b", v0x555b315ccf40_0, v0x555b315cd0a0_0 {0 0 0};
    %load/vec4 v0x555b315ccf40_0;
    %addi 1, 0, 3;
    %store/vec4 v0x555b315ccf40_0, 0, 3;
    %jmp T_2.0;
T_2.1 ;
    %end;
    .thread T_2;
# The file index is used to find the file name in the following table.
:file_names 4;
    "N/A";
    "<interactive>";
    "mux8to1_tb.v";
    "mux8to1.v";
