#! /usr/bin/vvp
:ivl_version "11.0 (stable)";
:ivl_delay_selection "TYPICAL";
:vpi_time_precision + 0;
:vpi_module "/usr/lib/x86_64-linux-gnu/ivl/system.vpi";
:vpi_module "/usr/lib/x86_64-linux-gnu/ivl/vhdl_sys.vpi";
:vpi_module "/usr/lib/x86_64-linux-gnu/ivl/vhdl_textio.vpi";
:vpi_module "/usr/lib/x86_64-linux-gnu/ivl/v2005_math.vpi";
:vpi_module "/usr/lib/x86_64-linux-gnu/ivl/va_math.vpi";
S_0x56260ceea740 .scope module, "tb_RCA16Bit" "tb_RCA16Bit" 2 1;
 .timescale 0 0;
v0x56260cf18430_0 .var "A", 15 0;
v0x56260cf18510_0 .var "B", 15 0;
v0x56260cf185e0_0 .var "Cin", 0 0;
v0x56260cf186e0_0 .net "Cout", 0 0, L_0x56260cf31420;  1 drivers
v0x56260cf187b0_0 .net "S", 15 0, L_0x56260cf2ee50;  1 drivers
S_0x56260ce6fcf0 .scope module, "uut" "RCA16Bit" 2 10, 3 1 0, S_0x56260ceea740;
 .timescale 0 0;
    .port_info 0 /INPUT 16 "A";
    .port_info 1 /INPUT 16 "B";
    .port_info 2 /INPUT 1 "Cin";
    .port_info 3 /OUTPUT 16 "S";
    .port_info 4 /OUTPUT 1 "Cout";
L_0x56260cf189c0 .functor XOR 1, L_0x56260cf18850, L_0x56260cf18920, C4<0>, C4<0>;
L_0x56260cf18a30 .functor XOR 1, L_0x56260cf189c0, v0x56260cf185e0_0, C4<0>, C4<0>;
L_0x56260cf18c60 .functor AND 1, L_0x56260cf18af0, L_0x56260cf18b90, C4<1>, C4<1>;
L_0x56260cf18f80 .functor XOR 1, L_0x56260cf18d70, L_0x56260cf18e10, C4<0>, C4<0>;
L_0x56260cf19020 .functor AND 1, v0x56260cf185e0_0, L_0x56260cf18f80, C4<1>, C4<1>;
L_0x56260cf190e0 .functor OR 1, L_0x56260cf18c60, L_0x56260cf19020, C4<0>, C4<0>;
L_0x56260cf193c0 .functor XOR 1, L_0x56260cf19230, L_0x56260cf192d0, C4<0>, C4<0>;
L_0x56260cf19570 .functor XOR 1, L_0x56260cf193c0, L_0x56260cf194d0, C4<0>, C4<0>;
L_0x56260cf19870 .functor AND 1, L_0x56260cf196d0, L_0x56260cf197d0, C4<1>, C4<1>;
L_0x56260cf19a50 .functor XOR 1, L_0x56260cf19ac0, L_0x56260cf19b60, C4<0>, C4<0>;
L_0x56260cf19db0 .functor AND 1, L_0x56260cf19960, L_0x56260cf19a50, C4<1>, C4<1>;
L_0x56260cf19e70 .functor OR 1, L_0x56260cf19870, L_0x56260cf19db0, C4<0>, C4<0>;
L_0x56260cf1a1c0 .functor XOR 1, L_0x56260cf19ff0, L_0x56260cf1a090, C4<0>, C4<0>;
L_0x56260cf1a370 .functor XOR 1, L_0x56260cf1a1c0, L_0x56260cf1a2d0, C4<0>, C4<0>;
L_0x56260cf19f80 .functor AND 1, L_0x56260cf1a500, L_0x56260cf1a640, C4<1>, C4<1>;
L_0x56260cf1aa60 .functor XOR 1, L_0x56260cf1a5a0, L_0x56260cf1a8d0, C4<0>, C4<0>;
L_0x56260cf1abe0 .functor AND 1, L_0x56260cf1a780, L_0x56260cf1aa60, C4<1>, C4<1>;
L_0x56260cf1acf0 .functor OR 1, L_0x56260cf19f80, L_0x56260cf1abe0, C4<0>, C4<0>;
L_0x56260cf1b0b0 .functor XOR 1, L_0x56260cf1aea0, L_0x56260cf1af40, C4<0>, C4<0>;
L_0x56260cf1b260 .functor XOR 1, L_0x56260cf1b0b0, L_0x56260cf1b1c0, C4<0>, C4<0>;
L_0x56260cf1b5a0 .functor AND 1, L_0x56260cf1ae00, L_0x56260cf1b500, C4<1>, C4<1>;
L_0x56260cf1bab0 .functor XOR 1, L_0x56260cf1b840, L_0x56260cf1b8e0, C4<0>, C4<0>;
L_0x56260cf1bcb0 .functor AND 1, L_0x56260cf1b6b0, L_0x56260cf1bab0, C4<1>, C4<1>;
L_0x56260cf1bdc0 .functor OR 1, L_0x56260cf1b5a0, L_0x56260cf1bcb0, C4<0>, C4<0>;
L_0x56260cf1c1f0 .functor XOR 1, L_0x56260cf1bfa0, L_0x56260cf1c040, C4<0>, C4<0>;
L_0x56260cf1c3a0 .functor XOR 1, L_0x56260cf1c1f0, L_0x56260cf1c300, C4<0>, C4<0>;
L_0x56260cf1c7f0 .functor AND 1, L_0x56260cf1c590, L_0x56260cf1c750, C4<1>, C4<1>;
L_0x56260cf1cf90 .functor XOR 1, L_0x56260cf1cad0, L_0x56260cf1cb70, C4<0>, C4<0>;
L_0x56260cf1d1c0 .functor AND 1, L_0x56260cf1c900, L_0x56260cf1cf90, C4<1>, C4<1>;
L_0x56260cf1d2d0 .functor OR 1, L_0x56260cf1c7f0, L_0x56260cf1d1c0, C4<0>, C4<0>;
L_0x56260cf1d770 .functor XOR 1, L_0x56260cf1d4e0, L_0x56260cf1d580, C4<0>, C4<0>;
L_0x56260cf1d920 .functor XOR 1, L_0x56260cf1d770, L_0x56260cf1d880, C4<0>, C4<0>;
L_0x56260cf1dde0 .functor AND 1, L_0x56260cf1db40, L_0x56260cf1dd40, C4<1>, C4<1>;
L_0x56260cf1e3f0 .functor XOR 1, L_0x56260cf1e100, L_0x56260cf1e1a0, C4<0>, C4<0>;
L_0x56260cf1e650 .functor AND 1, L_0x56260cf1def0, L_0x56260cf1e3f0, C4<1>, C4<1>;
L_0x56260cf1e760 .functor OR 1, L_0x56260cf1dde0, L_0x56260cf1e650, C4<0>, C4<0>;
L_0x56260cf1ec70 .functor XOR 1, L_0x56260cf1e9a0, L_0x56260cf1ea40, C4<0>, C4<0>;
L_0x56260cf1ee20 .functor XOR 1, L_0x56260cf1ec70, L_0x56260cf1ed80, C4<0>, C4<0>;
L_0x56260cf1f350 .functor AND 1, L_0x56260cf1f070, L_0x56260cf1f2b0, C4<1>, C4<1>;
L_0x56260cf1f9e0 .functor XOR 1, L_0x56260cf1f6b0, L_0x56260cf1f750, C4<0>, C4<0>;
L_0x56260cf1fc70 .functor AND 1, L_0x56260cf1f460, L_0x56260cf1f9e0, C4<1>, C4<1>;
L_0x56260cf1fd80 .functor OR 1, L_0x56260cf1f350, L_0x56260cf1fc70, C4<0>, C4<0>;
L_0x56260cf20300 .functor XOR 1, L_0x56260cf1fff0, L_0x56260cf20090, C4<0>, C4<0>;
L_0x56260cf204b0 .functor XOR 1, L_0x56260cf20300, L_0x56260cf20410, C4<0>, C4<0>;
L_0x56260cf20a50 .functor AND 1, L_0x56260cf20730, L_0x56260cf209b0, C4<1>, C4<1>;
L_0x56260cf21160 .functor XOR 1, L_0x56260cf20df0, L_0x56260cf20e90, C4<0>, C4<0>;
L_0x56260cf21420 .functor AND 1, L_0x56260cf20b60, L_0x56260cf21160, C4<1>, C4<1>;
L_0x56260cf21530 .functor OR 1, L_0x56260cf20a50, L_0x56260cf21420, C4<0>, C4<0>;
L_0x56260cf21b20 .functor XOR 1, L_0x56260cf217d0, L_0x56260cf21870, C4<0>, C4<0>;
L_0x56260cf21cd0 .functor XOR 1, L_0x56260cf21b20, L_0x56260cf21c30, C4<0>, C4<0>;
L_0x56260cf222e0 .functor AND 1, L_0x56260cf21f80, L_0x56260cf22240, C4<1>, C4<1>;
L_0x56260cf22a70 .functor XOR 1, L_0x56260cf226c0, L_0x56260cf22760, C4<0>, C4<0>;
L_0x56260cf22d60 .functor AND 1, L_0x56260cf223f0, L_0x56260cf22a70, C4<1>, C4<1>;
L_0x56260cf22e70 .functor OR 1, L_0x56260cf222e0, L_0x56260cf22d60, C4<0>, C4<0>;
L_0x56260cf234d0 .functor XOR 1, L_0x56260cf23140, L_0x56260cf231e0, C4<0>, C4<0>;
L_0x56260cf23680 .functor XOR 1, L_0x56260cf234d0, L_0x56260cf235e0, C4<0>, C4<0>;
L_0x56260cf23d00 .functor AND 1, L_0x56260cf23960, L_0x56260cf23c60, C4<1>, C4<1>;
L_0x56260cf24510 .functor XOR 1, L_0x56260cf24120, L_0x56260cf241c0, C4<0>, C4<0>;
L_0x56260cf24830 .functor AND 1, L_0x56260cf23e10, L_0x56260cf24510, C4<1>, C4<1>;
L_0x56260cf24940 .functor OR 1, L_0x56260cf23d00, L_0x56260cf24830, C4<0>, C4<0>;
L_0x56260cf1a480 .functor XOR 1, L_0x56260cf24c40, L_0x56260cf24ce0, C4<0>, C4<0>;
L_0x56260cf25560 .functor XOR 1, L_0x56260cf1a480, L_0x56260cf254c0, C4<0>, C4<0>;
L_0x56260cf25c50 .functor AND 1, L_0x56260cf25870, L_0x56260cf25bb0, C4<1>, C4<1>;
L_0x56260cf264b0 .functor XOR 1, L_0x56260cf260b0, L_0x56260cf26150, C4<0>, C4<0>;
L_0x56260cf26800 .functor AND 1, L_0x56260cf25d60, L_0x56260cf264b0, C4<1>, C4<1>;
L_0x56260cf26910 .functor OR 1, L_0x56260cf25c50, L_0x56260cf26800, C4<0>, C4<0>;
L_0x56260cf27050 .functor XOR 1, L_0x56260cf26c40, L_0x56260cf26ce0, C4<0>, C4<0>;
L_0x56260cf27200 .functor XOR 1, L_0x56260cf27050, L_0x56260cf27160, C4<0>, C4<0>;
L_0x56260cf27960 .functor AND 1, L_0x56260cf27540, L_0x56260cf278c0, C4<1>, C4<1>;
L_0x56260cf282a0 .functor XOR 1, L_0x56260cf27e30, L_0x56260cf27ed0, C4<0>, C4<0>;
L_0x56260cf28620 .functor AND 1, L_0x56260cf27aa0, L_0x56260cf282a0, C4<1>, C4<1>;
L_0x56260cf28730 .functor OR 1, L_0x56260cf27960, L_0x56260cf28620, C4<0>, C4<0>;
L_0x56260cf28ee0 .functor XOR 1, L_0x56260cf28a90, L_0x56260cf28b30, C4<0>, C4<0>;
L_0x56260cf29090 .functor XOR 1, L_0x56260cf28ee0, L_0x56260cf28ff0, C4<0>, C4<0>;
L_0x56260cf29860 .functor AND 1, L_0x56260cf29400, L_0x56260cf297c0, C4<1>, C4<1>;
L_0x56260cf2a1f0 .functor XOR 1, L_0x56260cf29d40, L_0x56260cf29de0, C4<0>, C4<0>;
L_0x56260cf2a5a0 .functor AND 1, L_0x56260cf29970, L_0x56260cf2a1f0, C4<1>, C4<1>;
L_0x56260cf2a6b0 .functor OR 1, L_0x56260cf29860, L_0x56260cf2a5a0, C4<0>, C4<0>;
L_0x56260cf2aed0 .functor XOR 1, L_0x56260cf2aa40, L_0x56260cf2aae0, C4<0>, C4<0>;
L_0x56260cf2b080 .functor XOR 1, L_0x56260cf2aed0, L_0x56260cf2afe0, C4<0>, C4<0>;
L_0x56260cf2b8c0 .functor AND 1, L_0x56260cf2b420, L_0x56260cf2b820, C4<1>, C4<1>;
L_0x56260cf2c2a0 .functor XOR 1, L_0x56260cf2bde0, L_0x56260cf2be80, C4<0>, C4<0>;
L_0x56260cf2c680 .functor AND 1, L_0x56260cf2b9d0, L_0x56260cf2c2a0, C4<1>, C4<1>;
L_0x56260cf2c790 .functor OR 1, L_0x56260cf2b8c0, L_0x56260cf2c680, C4<0>, C4<0>;
L_0x56260cf2d020 .functor XOR 1, L_0x56260cf2cb50, L_0x56260cf2cbf0, C4<0>, C4<0>;
L_0x56260cf2d1d0 .functor XOR 1, L_0x56260cf2d020, L_0x56260cf2d130, C4<0>, C4<0>;
L_0x56260cf2da80 .functor AND 1, L_0x56260cf2d5a0, L_0x56260cf2d9e0, C4<1>, C4<1>;
L_0x56260cf2e540 .functor XOR 1, L_0x56260cf2e010, L_0x56260cf2e0b0, C4<0>, C4<0>;
L_0x56260cf2e950 .functor AND 1, L_0x56260cf2dbc0, L_0x56260cf2e540, C4<1>, C4<1>;
L_0x56260cf2ea60 .functor OR 1, L_0x56260cf2da80, L_0x56260cf2e950, C4<0>, C4<0>;
L_0x56260cf2f900 .functor XOR 1, L_0x56260cf2f3f0, L_0x56260cf2f860, C4<0>, C4<0>;
L_0x56260cf2fe90 .functor XOR 1, L_0x56260cf2f900, L_0x56260cf2fa10, C4<0>, C4<0>;
L_0x56260cf30810 .functor AND 1, L_0x56260cf302e0, L_0x56260cf30380, C4<1>, C4<1>;
L_0x56260cf30f00 .functor XOR 1, L_0x56260cf309c0, L_0x56260cf30e60, C4<0>, C4<0>;
L_0x56260cf31310 .functor AND 1, L_0x56260cf30920, L_0x56260cf30f00, C4<1>, C4<1>;
L_0x56260cf31420 .functor OR 1, L_0x56260cf30810, L_0x56260cf31310, C4<0>, C4<0>;
v0x56260cec44c0_0 .net "A", 15 0, v0x56260cf18430_0;  1 drivers
v0x56260cec0400_0 .net "B", 15 0, v0x56260cf18510_0;  1 drivers
v0x56260cea6c50_0 .net "Cin", 0 0, v0x56260cf185e0_0;  1 drivers
v0x56260cea2b90_0 .net "Cout", 0 0, L_0x56260cf31420;  alias, 1 drivers
v0x56260ce9ead0_0 .net "S", 15 0, L_0x56260cf2ee50;  alias, 1 drivers
v0x56260ce9aa10_0 .net *"_ivl_101", 0 0, L_0x56260cf1b1c0;  1 drivers
v0x56260ce96de0_0 .net *"_ivl_102", 0 0, L_0x56260cf1b260;  1 drivers
v0x56260cf0b400_0 .net *"_ivl_107", 0 0, L_0x56260cf1ae00;  1 drivers
v0x56260cf0b4e0_0 .net *"_ivl_109", 0 0, L_0x56260cf1b500;  1 drivers
v0x56260cf0b5c0_0 .net *"_ivl_110", 0 0, L_0x56260cf1b5a0;  1 drivers
v0x56260cf0b6a0_0 .net *"_ivl_113", 0 0, L_0x56260cf1b6b0;  1 drivers
v0x56260cf0b780_0 .net *"_ivl_115", 0 0, L_0x56260cf1b840;  1 drivers
v0x56260cf0b860_0 .net *"_ivl_117", 0 0, L_0x56260cf1b8e0;  1 drivers
v0x56260cf0b940_0 .net *"_ivl_118", 0 0, L_0x56260cf1bab0;  1 drivers
v0x56260cf0ba20_0 .net *"_ivl_120", 0 0, L_0x56260cf1bcb0;  1 drivers
v0x56260cf0bb00_0 .net *"_ivl_122", 0 0, L_0x56260cf1bdc0;  1 drivers
v0x56260cf0bbe0_0 .net *"_ivl_127", 0 0, L_0x56260cf1bfa0;  1 drivers
v0x56260cf0bcc0_0 .net *"_ivl_129", 0 0, L_0x56260cf1c040;  1 drivers
v0x56260cf0bda0_0 .net *"_ivl_13", 0 0, L_0x56260cf18af0;  1 drivers
v0x56260cf0be80_0 .net *"_ivl_130", 0 0, L_0x56260cf1c1f0;  1 drivers
v0x56260cf0bf60_0 .net *"_ivl_133", 0 0, L_0x56260cf1c300;  1 drivers
v0x56260cf0c040_0 .net *"_ivl_134", 0 0, L_0x56260cf1c3a0;  1 drivers
v0x56260cf0c120_0 .net *"_ivl_139", 0 0, L_0x56260cf1c590;  1 drivers
v0x56260cf0c200_0 .net *"_ivl_141", 0 0, L_0x56260cf1c750;  1 drivers
v0x56260cf0c2e0_0 .net *"_ivl_142", 0 0, L_0x56260cf1c7f0;  1 drivers
v0x56260cf0c3c0_0 .net *"_ivl_145", 0 0, L_0x56260cf1c900;  1 drivers
v0x56260cf0c4a0_0 .net *"_ivl_147", 0 0, L_0x56260cf1cad0;  1 drivers
v0x56260cf0c580_0 .net *"_ivl_149", 0 0, L_0x56260cf1cb70;  1 drivers
v0x56260cf0c660_0 .net *"_ivl_15", 0 0, L_0x56260cf18b90;  1 drivers
v0x56260cf0c740_0 .net *"_ivl_150", 0 0, L_0x56260cf1cf90;  1 drivers
v0x56260cf0c820_0 .net *"_ivl_152", 0 0, L_0x56260cf1d1c0;  1 drivers
v0x56260cf0c900_0 .net *"_ivl_154", 0 0, L_0x56260cf1d2d0;  1 drivers
v0x56260cf0c9e0_0 .net *"_ivl_159", 0 0, L_0x56260cf1d4e0;  1 drivers
v0x56260cf0ccd0_0 .net *"_ivl_16", 0 0, L_0x56260cf18c60;  1 drivers
v0x56260cf0cdb0_0 .net *"_ivl_161", 0 0, L_0x56260cf1d580;  1 drivers
v0x56260cf0ce90_0 .net *"_ivl_162", 0 0, L_0x56260cf1d770;  1 drivers
v0x56260cf0cf70_0 .net *"_ivl_165", 0 0, L_0x56260cf1d880;  1 drivers
v0x56260cf0d050_0 .net *"_ivl_166", 0 0, L_0x56260cf1d920;  1 drivers
v0x56260cf0d130_0 .net *"_ivl_171", 0 0, L_0x56260cf1db40;  1 drivers
v0x56260cf0d210_0 .net *"_ivl_173", 0 0, L_0x56260cf1dd40;  1 drivers
v0x56260cf0d2f0_0 .net *"_ivl_174", 0 0, L_0x56260cf1dde0;  1 drivers
v0x56260cf0d3d0_0 .net *"_ivl_177", 0 0, L_0x56260cf1def0;  1 drivers
v0x56260cf0d4b0_0 .net *"_ivl_179", 0 0, L_0x56260cf1e100;  1 drivers
v0x56260cf0d590_0 .net *"_ivl_181", 0 0, L_0x56260cf1e1a0;  1 drivers
v0x56260cf0d670_0 .net *"_ivl_182", 0 0, L_0x56260cf1e3f0;  1 drivers
v0x56260cf0d750_0 .net *"_ivl_184", 0 0, L_0x56260cf1e650;  1 drivers
v0x56260cf0d830_0 .net *"_ivl_186", 0 0, L_0x56260cf1e760;  1 drivers
v0x56260cf0d910_0 .net *"_ivl_19", 0 0, L_0x56260cf18d70;  1 drivers
v0x56260cf0d9f0_0 .net *"_ivl_191", 0 0, L_0x56260cf1e9a0;  1 drivers
v0x56260cf0dad0_0 .net *"_ivl_193", 0 0, L_0x56260cf1ea40;  1 drivers
v0x56260cf0dbb0_0 .net *"_ivl_194", 0 0, L_0x56260cf1ec70;  1 drivers
v0x56260cf0dc90_0 .net *"_ivl_197", 0 0, L_0x56260cf1ed80;  1 drivers
v0x56260cf0dd70_0 .net *"_ivl_198", 0 0, L_0x56260cf1ee20;  1 drivers
v0x56260cf0de50_0 .net *"_ivl_203", 0 0, L_0x56260cf1f070;  1 drivers
v0x56260cf0df30_0 .net *"_ivl_205", 0 0, L_0x56260cf1f2b0;  1 drivers
v0x56260cf0e010_0 .net *"_ivl_206", 0 0, L_0x56260cf1f350;  1 drivers
v0x56260cf0e0f0_0 .net *"_ivl_209", 0 0, L_0x56260cf1f460;  1 drivers
v0x56260cf0e1d0_0 .net *"_ivl_21", 0 0, L_0x56260cf18e10;  1 drivers
v0x56260cf0e2b0_0 .net *"_ivl_211", 0 0, L_0x56260cf1f6b0;  1 drivers
v0x56260cf0e390_0 .net *"_ivl_213", 0 0, L_0x56260cf1f750;  1 drivers
v0x56260cf0e470_0 .net *"_ivl_214", 0 0, L_0x56260cf1f9e0;  1 drivers
v0x56260cf0e550_0 .net *"_ivl_216", 0 0, L_0x56260cf1fc70;  1 drivers
v0x56260cf0e630_0 .net *"_ivl_218", 0 0, L_0x56260cf1fd80;  1 drivers
v0x56260cf0e710_0 .net *"_ivl_22", 0 0, L_0x56260cf18f80;  1 drivers
v0x56260cf0e7f0_0 .net *"_ivl_223", 0 0, L_0x56260cf1fff0;  1 drivers
v0x56260cf0ece0_0 .net *"_ivl_225", 0 0, L_0x56260cf20090;  1 drivers
v0x56260cf0edc0_0 .net *"_ivl_226", 0 0, L_0x56260cf20300;  1 drivers
v0x56260cf0eea0_0 .net *"_ivl_229", 0 0, L_0x56260cf20410;  1 drivers
v0x56260cf0ef80_0 .net *"_ivl_230", 0 0, L_0x56260cf204b0;  1 drivers
v0x56260cf0f060_0 .net *"_ivl_235", 0 0, L_0x56260cf20730;  1 drivers
v0x56260cf0f140_0 .net *"_ivl_237", 0 0, L_0x56260cf209b0;  1 drivers
v0x56260cf0f220_0 .net *"_ivl_238", 0 0, L_0x56260cf20a50;  1 drivers
v0x56260cf0f300_0 .net *"_ivl_24", 0 0, L_0x56260cf19020;  1 drivers
v0x56260cf0f3e0_0 .net *"_ivl_241", 0 0, L_0x56260cf20b60;  1 drivers
v0x56260cf0f4c0_0 .net *"_ivl_243", 0 0, L_0x56260cf20df0;  1 drivers
v0x56260cf0f5a0_0 .net *"_ivl_245", 0 0, L_0x56260cf20e90;  1 drivers
v0x56260cf0f680_0 .net *"_ivl_246", 0 0, L_0x56260cf21160;  1 drivers
v0x56260cf0f760_0 .net *"_ivl_248", 0 0, L_0x56260cf21420;  1 drivers
v0x56260cf0f840_0 .net *"_ivl_250", 0 0, L_0x56260cf21530;  1 drivers
v0x56260cf0f920_0 .net *"_ivl_255", 0 0, L_0x56260cf217d0;  1 drivers
v0x56260cf0fa00_0 .net *"_ivl_257", 0 0, L_0x56260cf21870;  1 drivers
v0x56260cf0fae0_0 .net *"_ivl_258", 0 0, L_0x56260cf21b20;  1 drivers
v0x56260cf0fbc0_0 .net *"_ivl_26", 0 0, L_0x56260cf190e0;  1 drivers
v0x56260cf0fca0_0 .net *"_ivl_261", 0 0, L_0x56260cf21c30;  1 drivers
v0x56260cf0fd80_0 .net *"_ivl_262", 0 0, L_0x56260cf21cd0;  1 drivers
v0x56260cf0fe60_0 .net *"_ivl_267", 0 0, L_0x56260cf21f80;  1 drivers
v0x56260cf0ff40_0 .net *"_ivl_269", 0 0, L_0x56260cf22240;  1 drivers
v0x56260cf10020_0 .net *"_ivl_270", 0 0, L_0x56260cf222e0;  1 drivers
v0x56260cf10100_0 .net *"_ivl_273", 0 0, L_0x56260cf223f0;  1 drivers
v0x56260cf101e0_0 .net *"_ivl_275", 0 0, L_0x56260cf226c0;  1 drivers
v0x56260cf102c0_0 .net *"_ivl_277", 0 0, L_0x56260cf22760;  1 drivers
v0x56260cf103a0_0 .net *"_ivl_278", 0 0, L_0x56260cf22a70;  1 drivers
v0x56260cf10480_0 .net *"_ivl_280", 0 0, L_0x56260cf22d60;  1 drivers
v0x56260cf10560_0 .net *"_ivl_282", 0 0, L_0x56260cf22e70;  1 drivers
v0x56260cf10640_0 .net *"_ivl_287", 0 0, L_0x56260cf23140;  1 drivers
v0x56260cf10720_0 .net *"_ivl_289", 0 0, L_0x56260cf231e0;  1 drivers
v0x56260cf10800_0 .net *"_ivl_290", 0 0, L_0x56260cf234d0;  1 drivers
v0x56260cf108e0_0 .net *"_ivl_293", 0 0, L_0x56260cf235e0;  1 drivers
v0x56260cf109c0_0 .net *"_ivl_294", 0 0, L_0x56260cf23680;  1 drivers
v0x56260cf10aa0_0 .net *"_ivl_299", 0 0, L_0x56260cf23960;  1 drivers
v0x56260cf10b80_0 .net *"_ivl_3", 0 0, L_0x56260cf18850;  1 drivers
v0x56260cf10c60_0 .net *"_ivl_301", 0 0, L_0x56260cf23c60;  1 drivers
v0x56260cf10d40_0 .net *"_ivl_302", 0 0, L_0x56260cf23d00;  1 drivers
v0x56260cf10e20_0 .net *"_ivl_305", 0 0, L_0x56260cf23e10;  1 drivers
v0x56260cf10f00_0 .net *"_ivl_307", 0 0, L_0x56260cf24120;  1 drivers
v0x56260cf10fe0_0 .net *"_ivl_309", 0 0, L_0x56260cf241c0;  1 drivers
v0x56260cf110c0_0 .net *"_ivl_31", 0 0, L_0x56260cf19230;  1 drivers
v0x56260cf111a0_0 .net *"_ivl_310", 0 0, L_0x56260cf24510;  1 drivers
v0x56260cf11280_0 .net *"_ivl_312", 0 0, L_0x56260cf24830;  1 drivers
v0x56260cf11360_0 .net *"_ivl_314", 0 0, L_0x56260cf24940;  1 drivers
v0x56260cf11440_0 .net *"_ivl_319", 0 0, L_0x56260cf24c40;  1 drivers
v0x56260cf11520_0 .net *"_ivl_321", 0 0, L_0x56260cf24ce0;  1 drivers
v0x56260cf11600_0 .net *"_ivl_322", 0 0, L_0x56260cf1a480;  1 drivers
v0x56260cf116e0_0 .net *"_ivl_325", 0 0, L_0x56260cf254c0;  1 drivers
v0x56260cf117c0_0 .net *"_ivl_326", 0 0, L_0x56260cf25560;  1 drivers
v0x56260cf118a0_0 .net *"_ivl_33", 0 0, L_0x56260cf192d0;  1 drivers
v0x56260cf11980_0 .net *"_ivl_331", 0 0, L_0x56260cf25870;  1 drivers
v0x56260cf11a60_0 .net *"_ivl_333", 0 0, L_0x56260cf25bb0;  1 drivers
v0x56260cf11b40_0 .net *"_ivl_334", 0 0, L_0x56260cf25c50;  1 drivers
v0x56260cf11c20_0 .net *"_ivl_337", 0 0, L_0x56260cf25d60;  1 drivers
v0x56260cf11d00_0 .net *"_ivl_339", 0 0, L_0x56260cf260b0;  1 drivers
v0x56260cf11de0_0 .net *"_ivl_34", 0 0, L_0x56260cf193c0;  1 drivers
v0x56260cf11ec0_0 .net *"_ivl_341", 0 0, L_0x56260cf26150;  1 drivers
v0x56260cf11fa0_0 .net *"_ivl_342", 0 0, L_0x56260cf264b0;  1 drivers
v0x56260cf12080_0 .net *"_ivl_344", 0 0, L_0x56260cf26800;  1 drivers
v0x56260cf12160_0 .net *"_ivl_346", 0 0, L_0x56260cf26910;  1 drivers
v0x56260cf12240_0 .net *"_ivl_351", 0 0, L_0x56260cf26c40;  1 drivers
v0x56260cf12320_0 .net *"_ivl_353", 0 0, L_0x56260cf26ce0;  1 drivers
v0x56260cf12400_0 .net *"_ivl_354", 0 0, L_0x56260cf27050;  1 drivers
v0x56260cf12cf0_0 .net *"_ivl_357", 0 0, L_0x56260cf27160;  1 drivers
v0x56260cf12dd0_0 .net *"_ivl_358", 0 0, L_0x56260cf27200;  1 drivers
v0x56260cf12eb0_0 .net *"_ivl_363", 0 0, L_0x56260cf27540;  1 drivers
v0x56260cf12f90_0 .net *"_ivl_365", 0 0, L_0x56260cf278c0;  1 drivers
v0x56260cf13070_0 .net *"_ivl_366", 0 0, L_0x56260cf27960;  1 drivers
v0x56260cf13150_0 .net *"_ivl_369", 0 0, L_0x56260cf27aa0;  1 drivers
v0x56260cf13230_0 .net *"_ivl_37", 0 0, L_0x56260cf194d0;  1 drivers
v0x56260cf13310_0 .net *"_ivl_371", 0 0, L_0x56260cf27e30;  1 drivers
v0x56260cf133f0_0 .net *"_ivl_373", 0 0, L_0x56260cf27ed0;  1 drivers
v0x56260cf134d0_0 .net *"_ivl_374", 0 0, L_0x56260cf282a0;  1 drivers
v0x56260cf135b0_0 .net *"_ivl_376", 0 0, L_0x56260cf28620;  1 drivers
v0x56260cf13690_0 .net *"_ivl_378", 0 0, L_0x56260cf28730;  1 drivers
v0x56260cf13770_0 .net *"_ivl_38", 0 0, L_0x56260cf19570;  1 drivers
v0x56260cf13850_0 .net *"_ivl_383", 0 0, L_0x56260cf28a90;  1 drivers
v0x56260cf13930_0 .net *"_ivl_385", 0 0, L_0x56260cf28b30;  1 drivers
v0x56260cf13a10_0 .net *"_ivl_386", 0 0, L_0x56260cf28ee0;  1 drivers
v0x56260cf13af0_0 .net *"_ivl_389", 0 0, L_0x56260cf28ff0;  1 drivers
v0x56260cf13bd0_0 .net *"_ivl_390", 0 0, L_0x56260cf29090;  1 drivers
v0x56260cf13cb0_0 .net *"_ivl_395", 0 0, L_0x56260cf29400;  1 drivers
v0x56260cf13d90_0 .net *"_ivl_397", 0 0, L_0x56260cf297c0;  1 drivers
v0x56260cf13e70_0 .net *"_ivl_398", 0 0, L_0x56260cf29860;  1 drivers
v0x56260cf13f50_0 .net *"_ivl_401", 0 0, L_0x56260cf29970;  1 drivers
v0x56260cf14030_0 .net *"_ivl_403", 0 0, L_0x56260cf29d40;  1 drivers
v0x56260cf14110_0 .net *"_ivl_405", 0 0, L_0x56260cf29de0;  1 drivers
v0x56260cf141f0_0 .net *"_ivl_406", 0 0, L_0x56260cf2a1f0;  1 drivers
v0x56260cf142d0_0 .net *"_ivl_408", 0 0, L_0x56260cf2a5a0;  1 drivers
v0x56260cf143b0_0 .net *"_ivl_410", 0 0, L_0x56260cf2a6b0;  1 drivers
v0x56260cf14490_0 .net *"_ivl_415", 0 0, L_0x56260cf2aa40;  1 drivers
v0x56260cf14570_0 .net *"_ivl_417", 0 0, L_0x56260cf2aae0;  1 drivers
v0x56260cf14650_0 .net *"_ivl_418", 0 0, L_0x56260cf2aed0;  1 drivers
v0x56260cf14730_0 .net *"_ivl_421", 0 0, L_0x56260cf2afe0;  1 drivers
v0x56260cf14810_0 .net *"_ivl_422", 0 0, L_0x56260cf2b080;  1 drivers
v0x56260cf148f0_0 .net *"_ivl_427", 0 0, L_0x56260cf2b420;  1 drivers
v0x56260cf149d0_0 .net *"_ivl_429", 0 0, L_0x56260cf2b820;  1 drivers
v0x56260cf14ab0_0 .net *"_ivl_43", 0 0, L_0x56260cf196d0;  1 drivers
v0x56260cf14b90_0 .net *"_ivl_430", 0 0, L_0x56260cf2b8c0;  1 drivers
v0x56260cf14c70_0 .net *"_ivl_433", 0 0, L_0x56260cf2b9d0;  1 drivers
v0x56260cf14d50_0 .net *"_ivl_435", 0 0, L_0x56260cf2bde0;  1 drivers
v0x56260cf14e30_0 .net *"_ivl_437", 0 0, L_0x56260cf2be80;  1 drivers
v0x56260cf14f10_0 .net *"_ivl_438", 0 0, L_0x56260cf2c2a0;  1 drivers
v0x56260cf14ff0_0 .net *"_ivl_440", 0 0, L_0x56260cf2c680;  1 drivers
v0x56260cf150d0_0 .net *"_ivl_442", 0 0, L_0x56260cf2c790;  1 drivers
v0x56260cf151b0_0 .net *"_ivl_447", 0 0, L_0x56260cf2cb50;  1 drivers
v0x56260cf15290_0 .net *"_ivl_449", 0 0, L_0x56260cf2cbf0;  1 drivers
v0x56260cf15370_0 .net *"_ivl_45", 0 0, L_0x56260cf197d0;  1 drivers
v0x56260cf15450_0 .net *"_ivl_450", 0 0, L_0x56260cf2d020;  1 drivers
v0x56260cf15530_0 .net *"_ivl_453", 0 0, L_0x56260cf2d130;  1 drivers
v0x56260cf15610_0 .net *"_ivl_454", 0 0, L_0x56260cf2d1d0;  1 drivers
v0x56260cf156f0_0 .net *"_ivl_459", 0 0, L_0x56260cf2d5a0;  1 drivers
v0x56260cf157d0_0 .net *"_ivl_46", 0 0, L_0x56260cf19870;  1 drivers
v0x56260cf158b0_0 .net *"_ivl_461", 0 0, L_0x56260cf2d9e0;  1 drivers
v0x56260cf15990_0 .net *"_ivl_462", 0 0, L_0x56260cf2da80;  1 drivers
v0x56260cf15a70_0 .net *"_ivl_465", 0 0, L_0x56260cf2dbc0;  1 drivers
v0x56260cf15b50_0 .net *"_ivl_467", 0 0, L_0x56260cf2e010;  1 drivers
v0x56260cf15c30_0 .net *"_ivl_469", 0 0, L_0x56260cf2e0b0;  1 drivers
v0x56260cf15d10_0 .net *"_ivl_470", 0 0, L_0x56260cf2e540;  1 drivers
v0x56260cf15df0_0 .net *"_ivl_472", 0 0, L_0x56260cf2e950;  1 drivers
v0x56260cf15ed0_0 .net *"_ivl_474", 0 0, L_0x56260cf2ea60;  1 drivers
v0x56260cf15fb0_0 .net *"_ivl_480", 0 0, L_0x56260cf2f3f0;  1 drivers
v0x56260cf16090_0 .net *"_ivl_482", 0 0, L_0x56260cf2f860;  1 drivers
v0x56260cf16170_0 .net *"_ivl_483", 0 0, L_0x56260cf2f900;  1 drivers
v0x56260cf16250_0 .net *"_ivl_486", 0 0, L_0x56260cf2fa10;  1 drivers
v0x56260cf16330_0 .net *"_ivl_487", 0 0, L_0x56260cf2fe90;  1 drivers
v0x56260cf16410_0 .net *"_ivl_49", 0 0, L_0x56260cf19960;  1 drivers
v0x56260cf164f0_0 .net *"_ivl_490", 0 0, L_0x56260cf302e0;  1 drivers
v0x56260cf165d0_0 .net *"_ivl_492", 0 0, L_0x56260cf30380;  1 drivers
v0x56260cf166b0_0 .net *"_ivl_493", 0 0, L_0x56260cf30810;  1 drivers
v0x56260cf16790_0 .net *"_ivl_496", 0 0, L_0x56260cf30920;  1 drivers
v0x56260cf16870_0 .net *"_ivl_498", 0 0, L_0x56260cf309c0;  1 drivers
v0x56260cf16950_0 .net *"_ivl_5", 0 0, L_0x56260cf18920;  1 drivers
v0x56260cf16a30_0 .net *"_ivl_500", 0 0, L_0x56260cf30e60;  1 drivers
v0x56260cf16b10_0 .net *"_ivl_501", 0 0, L_0x56260cf30f00;  1 drivers
v0x56260cf16bf0_0 .net *"_ivl_503", 0 0, L_0x56260cf31310;  1 drivers
o0x73b105eea5f8 .functor BUFZ 1, C4<z>; HiZ drive
; Elide local net with no drivers, v0x56260cf16cd0_0 name=_ivl_509
v0x56260cf16db0_0 .net *"_ivl_51", 0 0, L_0x56260cf19ac0;  1 drivers
v0x56260cf16e90_0 .net *"_ivl_53", 0 0, L_0x56260cf19b60;  1 drivers
v0x56260cf16f70_0 .net *"_ivl_54", 0 0, L_0x56260cf19a50;  1 drivers
v0x56260cf17050_0 .net *"_ivl_56", 0 0, L_0x56260cf19db0;  1 drivers
v0x56260cf17130_0 .net *"_ivl_58", 0 0, L_0x56260cf19e70;  1 drivers
v0x56260cf17210_0 .net *"_ivl_6", 0 0, L_0x56260cf189c0;  1 drivers
v0x56260cf172f0_0 .net *"_ivl_63", 0 0, L_0x56260cf19ff0;  1 drivers
v0x56260cf173d0_0 .net *"_ivl_65", 0 0, L_0x56260cf1a090;  1 drivers
v0x56260cf174b0_0 .net *"_ivl_66", 0 0, L_0x56260cf1a1c0;  1 drivers
v0x56260cf17590_0 .net *"_ivl_69", 0 0, L_0x56260cf1a2d0;  1 drivers
v0x56260cf17670_0 .net *"_ivl_70", 0 0, L_0x56260cf1a370;  1 drivers
v0x56260cf17750_0 .net *"_ivl_75", 0 0, L_0x56260cf1a500;  1 drivers
v0x56260cf17830_0 .net *"_ivl_77", 0 0, L_0x56260cf1a640;  1 drivers
v0x56260cf17910_0 .net *"_ivl_78", 0 0, L_0x56260cf19f80;  1 drivers
v0x56260cf179f0_0 .net *"_ivl_8", 0 0, L_0x56260cf18a30;  1 drivers
v0x56260cf17ad0_0 .net *"_ivl_81", 0 0, L_0x56260cf1a780;  1 drivers
v0x56260cf17bb0_0 .net *"_ivl_83", 0 0, L_0x56260cf1a5a0;  1 drivers
v0x56260cf17c90_0 .net *"_ivl_85", 0 0, L_0x56260cf1a8d0;  1 drivers
v0x56260cf17d70_0 .net *"_ivl_86", 0 0, L_0x56260cf1aa60;  1 drivers
v0x56260cf17e50_0 .net *"_ivl_88", 0 0, L_0x56260cf1abe0;  1 drivers
v0x56260cf17f30_0 .net *"_ivl_90", 0 0, L_0x56260cf1acf0;  1 drivers
v0x56260cf18010_0 .net *"_ivl_95", 0 0, L_0x56260cf1aea0;  1 drivers
v0x56260cf180f0_0 .net *"_ivl_97", 0 0, L_0x56260cf1af40;  1 drivers
v0x56260cf181d0_0 .net *"_ivl_98", 0 0, L_0x56260cf1b0b0;  1 drivers
v0x56260cf182b0_0 .net "carry", 15 0, L_0x56260cf31890;  1 drivers
L_0x56260cf18850 .part v0x56260cf18430_0, 0, 1;
L_0x56260cf18920 .part v0x56260cf18510_0, 0, 1;
L_0x56260cf18af0 .part v0x56260cf18430_0, 0, 1;
L_0x56260cf18b90 .part v0x56260cf18510_0, 0, 1;
L_0x56260cf18d70 .part v0x56260cf18430_0, 0, 1;
L_0x56260cf18e10 .part v0x56260cf18510_0, 0, 1;
L_0x56260cf19230 .part v0x56260cf18430_0, 1, 1;
L_0x56260cf192d0 .part v0x56260cf18510_0, 1, 1;
L_0x56260cf194d0 .part L_0x56260cf31890, 0, 1;
L_0x56260cf196d0 .part v0x56260cf18430_0, 1, 1;
L_0x56260cf197d0 .part v0x56260cf18510_0, 1, 1;
L_0x56260cf19960 .part L_0x56260cf31890, 0, 1;
L_0x56260cf19ac0 .part v0x56260cf18430_0, 1, 1;
L_0x56260cf19b60 .part v0x56260cf18510_0, 1, 1;
L_0x56260cf19ff0 .part v0x56260cf18430_0, 2, 1;
L_0x56260cf1a090 .part v0x56260cf18510_0, 2, 1;
L_0x56260cf1a2d0 .part L_0x56260cf31890, 1, 1;
L_0x56260cf1a500 .part v0x56260cf18430_0, 2, 1;
L_0x56260cf1a640 .part v0x56260cf18510_0, 2, 1;
L_0x56260cf1a780 .part L_0x56260cf31890, 1, 1;
L_0x56260cf1a5a0 .part v0x56260cf18430_0, 2, 1;
L_0x56260cf1a8d0 .part v0x56260cf18510_0, 2, 1;
L_0x56260cf1aea0 .part v0x56260cf18430_0, 3, 1;
L_0x56260cf1af40 .part v0x56260cf18510_0, 3, 1;
L_0x56260cf1b1c0 .part L_0x56260cf31890, 2, 1;
L_0x56260cf1ae00 .part v0x56260cf18430_0, 3, 1;
L_0x56260cf1b500 .part v0x56260cf18510_0, 3, 1;
L_0x56260cf1b6b0 .part L_0x56260cf31890, 2, 1;
L_0x56260cf1b840 .part v0x56260cf18430_0, 3, 1;
L_0x56260cf1b8e0 .part v0x56260cf18510_0, 3, 1;
L_0x56260cf1bfa0 .part v0x56260cf18430_0, 4, 1;
L_0x56260cf1c040 .part v0x56260cf18510_0, 4, 1;
L_0x56260cf1c300 .part L_0x56260cf31890, 3, 1;
L_0x56260cf1c590 .part v0x56260cf18430_0, 4, 1;
L_0x56260cf1c750 .part v0x56260cf18510_0, 4, 1;
L_0x56260cf1c900 .part L_0x56260cf31890, 3, 1;
L_0x56260cf1cad0 .part v0x56260cf18430_0, 4, 1;
L_0x56260cf1cb70 .part v0x56260cf18510_0, 4, 1;
L_0x56260cf1d4e0 .part v0x56260cf18430_0, 5, 1;
L_0x56260cf1d580 .part v0x56260cf18510_0, 5, 1;
L_0x56260cf1d880 .part L_0x56260cf31890, 4, 1;
L_0x56260cf1db40 .part v0x56260cf18430_0, 5, 1;
L_0x56260cf1dd40 .part v0x56260cf18510_0, 5, 1;
L_0x56260cf1def0 .part L_0x56260cf31890, 4, 1;
L_0x56260cf1e100 .part v0x56260cf18430_0, 5, 1;
L_0x56260cf1e1a0 .part v0x56260cf18510_0, 5, 1;
L_0x56260cf1e9a0 .part v0x56260cf18430_0, 6, 1;
L_0x56260cf1ea40 .part v0x56260cf18510_0, 6, 1;
L_0x56260cf1ed80 .part L_0x56260cf31890, 5, 1;
L_0x56260cf1f070 .part v0x56260cf18430_0, 6, 1;
L_0x56260cf1f2b0 .part v0x56260cf18510_0, 6, 1;
L_0x56260cf1f460 .part L_0x56260cf31890, 5, 1;
L_0x56260cf1f6b0 .part v0x56260cf18430_0, 6, 1;
L_0x56260cf1f750 .part v0x56260cf18510_0, 6, 1;
L_0x56260cf1fff0 .part v0x56260cf18430_0, 7, 1;
L_0x56260cf20090 .part v0x56260cf18510_0, 7, 1;
L_0x56260cf20410 .part L_0x56260cf31890, 6, 1;
L_0x56260cf20730 .part v0x56260cf18430_0, 7, 1;
L_0x56260cf209b0 .part v0x56260cf18510_0, 7, 1;
L_0x56260cf20b60 .part L_0x56260cf31890, 6, 1;
L_0x56260cf20df0 .part v0x56260cf18430_0, 7, 1;
L_0x56260cf20e90 .part v0x56260cf18510_0, 7, 1;
L_0x56260cf217d0 .part v0x56260cf18430_0, 8, 1;
L_0x56260cf21870 .part v0x56260cf18510_0, 8, 1;
L_0x56260cf21c30 .part L_0x56260cf31890, 7, 1;
L_0x56260cf21f80 .part v0x56260cf18430_0, 8, 1;
L_0x56260cf22240 .part v0x56260cf18510_0, 8, 1;
L_0x56260cf223f0 .part L_0x56260cf31890, 7, 1;
L_0x56260cf226c0 .part v0x56260cf18430_0, 8, 1;
L_0x56260cf22760 .part v0x56260cf18510_0, 8, 1;
L_0x56260cf23140 .part v0x56260cf18430_0, 9, 1;
L_0x56260cf231e0 .part v0x56260cf18510_0, 9, 1;
L_0x56260cf235e0 .part L_0x56260cf31890, 8, 1;
L_0x56260cf23960 .part v0x56260cf18430_0, 9, 1;
L_0x56260cf23c60 .part v0x56260cf18510_0, 9, 1;
L_0x56260cf23e10 .part L_0x56260cf31890, 8, 1;
L_0x56260cf24120 .part v0x56260cf18430_0, 9, 1;
L_0x56260cf241c0 .part v0x56260cf18510_0, 9, 1;
L_0x56260cf24c40 .part v0x56260cf18430_0, 10, 1;
L_0x56260cf24ce0 .part v0x56260cf18510_0, 10, 1;
L_0x56260cf254c0 .part L_0x56260cf31890, 9, 1;
L_0x56260cf25870 .part v0x56260cf18430_0, 10, 1;
L_0x56260cf25bb0 .part v0x56260cf18510_0, 10, 1;
L_0x56260cf25d60 .part L_0x56260cf31890, 9, 1;
L_0x56260cf260b0 .part v0x56260cf18430_0, 10, 1;
L_0x56260cf26150 .part v0x56260cf18510_0, 10, 1;
L_0x56260cf26c40 .part v0x56260cf18430_0, 11, 1;
L_0x56260cf26ce0 .part v0x56260cf18510_0, 11, 1;
L_0x56260cf27160 .part L_0x56260cf31890, 10, 1;
L_0x56260cf27540 .part v0x56260cf18430_0, 11, 1;
L_0x56260cf278c0 .part v0x56260cf18510_0, 11, 1;
L_0x56260cf27aa0 .part L_0x56260cf31890, 10, 1;
L_0x56260cf27e30 .part v0x56260cf18430_0, 11, 1;
L_0x56260cf27ed0 .part v0x56260cf18510_0, 11, 1;
L_0x56260cf28a90 .part v0x56260cf18430_0, 12, 1;
L_0x56260cf28b30 .part v0x56260cf18510_0, 12, 1;
L_0x56260cf28ff0 .part L_0x56260cf31890, 11, 1;
L_0x56260cf29400 .part v0x56260cf18430_0, 12, 1;
L_0x56260cf297c0 .part v0x56260cf18510_0, 12, 1;
L_0x56260cf29970 .part L_0x56260cf31890, 11, 1;
L_0x56260cf29d40 .part v0x56260cf18430_0, 12, 1;
L_0x56260cf29de0 .part v0x56260cf18510_0, 12, 1;
L_0x56260cf2aa40 .part v0x56260cf18430_0, 13, 1;
L_0x56260cf2aae0 .part v0x56260cf18510_0, 13, 1;
L_0x56260cf2afe0 .part L_0x56260cf31890, 12, 1;
L_0x56260cf2b420 .part v0x56260cf18430_0, 13, 1;
L_0x56260cf2b820 .part v0x56260cf18510_0, 13, 1;
L_0x56260cf2b9d0 .part L_0x56260cf31890, 12, 1;
L_0x56260cf2bde0 .part v0x56260cf18430_0, 13, 1;
L_0x56260cf2be80 .part v0x56260cf18510_0, 13, 1;
L_0x56260cf2cb50 .part v0x56260cf18430_0, 14, 1;
L_0x56260cf2cbf0 .part v0x56260cf18510_0, 14, 1;
L_0x56260cf2d130 .part L_0x56260cf31890, 13, 1;
L_0x56260cf2d5a0 .part v0x56260cf18430_0, 14, 1;
L_0x56260cf2d9e0 .part v0x56260cf18510_0, 14, 1;
L_0x56260cf2dbc0 .part L_0x56260cf31890, 13, 1;
L_0x56260cf2e010 .part v0x56260cf18430_0, 14, 1;
L_0x56260cf2e0b0 .part v0x56260cf18510_0, 14, 1;
LS_0x56260cf2ee50_0_0 .concat8 [ 1 1 1 1], L_0x56260cf18a30, L_0x56260cf19570, L_0x56260cf1a370, L_0x56260cf1b260;
LS_0x56260cf2ee50_0_4 .concat8 [ 1 1 1 1], L_0x56260cf1c3a0, L_0x56260cf1d920, L_0x56260cf1ee20, L_0x56260cf204b0;
LS_0x56260cf2ee50_0_8 .concat8 [ 1 1 1 1], L_0x56260cf21cd0, L_0x56260cf23680, L_0x56260cf25560, L_0x56260cf27200;
LS_0x56260cf2ee50_0_12 .concat8 [ 1 1 1 1], L_0x56260cf29090, L_0x56260cf2b080, L_0x56260cf2d1d0, L_0x56260cf2fe90;
L_0x56260cf2ee50 .concat8 [ 4 4 4 4], LS_0x56260cf2ee50_0_0, LS_0x56260cf2ee50_0_4, LS_0x56260cf2ee50_0_8, LS_0x56260cf2ee50_0_12;
L_0x56260cf2f3f0 .part v0x56260cf18430_0, 15, 1;
L_0x56260cf2f860 .part v0x56260cf18510_0, 15, 1;
L_0x56260cf2fa10 .part L_0x56260cf31890, 14, 1;
L_0x56260cf302e0 .part v0x56260cf18430_0, 15, 1;
L_0x56260cf30380 .part v0x56260cf18510_0, 15, 1;
L_0x56260cf30920 .part L_0x56260cf31890, 14, 1;
L_0x56260cf309c0 .part v0x56260cf18430_0, 15, 1;
L_0x56260cf30e60 .part v0x56260cf18510_0, 15, 1;
LS_0x56260cf31890_0_0 .concat [ 1 1 1 1], L_0x56260cf190e0, L_0x56260cf19e70, L_0x56260cf1acf0, L_0x56260cf1bdc0;
LS_0x56260cf31890_0_4 .concat [ 1 1 1 1], L_0x56260cf1d2d0, L_0x56260cf1e760, L_0x56260cf1fd80, L_0x56260cf21530;
LS_0x56260cf31890_0_8 .concat [ 1 1 1 1], L_0x56260cf22e70, L_0x56260cf24940, L_0x56260cf26910, L_0x56260cf28730;
LS_0x56260cf31890_0_12 .concat [ 1 1 1 1], L_0x56260cf2a6b0, L_0x56260cf2c790, L_0x56260cf2ea60, o0x73b105eea5f8;
L_0x56260cf31890 .concat [ 4 4 4 4], LS_0x56260cf31890_0_0, LS_0x56260cf31890_0_4, LS_0x56260cf31890_0_8, LS_0x56260cf31890_0_12;
    .scope S_0x56260ceea740;
T_0 ;
    %vpi_call 2 20 "$dumpfile", "RCA16Bit.vcd" {0 0 0};
    %vpi_call 2 21 "$dumpvars", 32'sb00000000000000000000000000000000, S_0x56260ceea740 {0 0 0};
    %pushi/vec4 1, 0, 16;
    %store/vec4 v0x56260cf18430_0, 0, 16;
    %pushi/vec4 1, 0, 16;
    %store/vec4 v0x56260cf18510_0, 0, 16;
    %pushi/vec4 0, 0, 1;
    %store/vec4 v0x56260cf185e0_0, 0, 1;
    %delay 10, 0;
    %pushi/vec4 65535, 0, 16;
    %store/vec4 v0x56260cf18430_0, 0, 16;
    %pushi/vec4 1, 0, 16;
    %store/vec4 v0x56260cf18510_0, 0, 16;
    %pushi/vec4 0, 0, 1;
    %store/vec4 v0x56260cf185e0_0, 0, 1;
    %delay 10, 0;
    %pushi/vec4 43690, 0, 16;
    %store/vec4 v0x56260cf18430_0, 0, 16;
    %pushi/vec4 21845, 0, 16;
    %store/vec4 v0x56260cf18510_0, 0, 16;
    %pushi/vec4 1, 0, 1;
    %store/vec4 v0x56260cf185e0_0, 0, 1;
    %delay 10, 0;
    %vpi_call 2 41 "$finish" {0 0 0};
    %end;
    .thread T_0;
# The file index is used to find the file name in the following table.
:file_names 4;
    "N/A";
    "<interactive>";
    "rcaadder_tb.v";
    "rcaadder.v";
