#! /usr/bin/vvp
:ivl_version "11.0 (stable)";
:ivl_delay_selection "TYPICAL";
:vpi_time_precision + 0;
:vpi_module "/usr/lib/x86_64-linux-gnu/ivl/system.vpi";
:vpi_module "/usr/lib/x86_64-linux-gnu/ivl/vhdl_sys.vpi";
:vpi_module "/usr/lib/x86_64-linux-gnu/ivl/vhdl_textio.vpi";
:vpi_module "/usr/lib/x86_64-linux-gnu/ivl/v2005_math.vpi";
:vpi_module "/usr/lib/x86_64-linux-gnu/ivl/va_math.vpi";
S_0x57f540efb220 .scope module, "tb_shift_register" "tb_shift_register" 2 1;
 .timescale 0 0;
v0x57f540f10fd0_0 .var "D", 7 0;
v0x57f540f110b0_0 .net "Q", 7 0, v0x57f540f10750_0;  1 drivers
v0x57f540f11180_0 .var "clk", 0 0;
v0x57f540f11280_0 .var "enable", 0 0;
v0x57f540f11350_0 .var "reset", 0 0;
S_0x57f540efb3b0 .scope module, "uut" "shift_register" 2 9, 3 1 0, S_0x57f540efb220;
 .timescale 0 0;
    .port_info 0 /INPUT 8 "D";
    .port_info 1 /INPUT 1 "reset";
    .port_info 2 /INPUT 1 "enable";
    .port_info 3 /INPUT 1 "clk";
    .port_info 4 /OUTPUT 8 "Q";
v0x57f540ebecf0_0 .net "D", 7 0, v0x57f540f10fd0_0;  1 drivers
v0x57f540f10750_0 .var "Q", 7 0;
v0x57f540f10830_0 .net "clk", 0 0, v0x57f540f11180_0;  1 drivers
v0x57f540f10900_0 .net "enable", 0 0, v0x57f540f11280_0;  1 drivers
v0x57f540f109c0_0 .net "reset", 0 0, v0x57f540f11350_0;  1 drivers
v0x57f540f10ad0_0 .var "stage_1", 7 0;
v0x57f540f10bb0_0 .var "stage_2", 7 0;
v0x57f540f10c90_0 .var "stage_3", 7 0;
v0x57f540f10d70_0 .var "stage_4", 7 0;
v0x57f540f10e50_0 .var "stage_5", 7 0;
E_0x57f540ef86e0 .event edge, v0x57f540f10e50_0;
E_0x57f540ef8860 .event posedge, v0x57f540f109c0_0, v0x57f540f10830_0;
    .scope S_0x57f540efb3b0;
T_0 ;
    %wait E_0x57f540ef8860;
    %load/vec4 v0x57f540f109c0_0;
    %flag_set/vec4 8;
    %jmp/0xz  T_0.0, 8;
    %pushi/vec4 0, 0, 8;
    %assign/vec4 v0x57f540f10ad0_0, 0;
    %pushi/vec4 0, 0, 8;
    %assign/vec4 v0x57f540f10bb0_0, 0;
    %pushi/vec4 0, 0, 8;
    %assign/vec4 v0x57f540f10c90_0, 0;
    %pushi/vec4 0, 0, 8;
    %assign/vec4 v0x57f540f10d70_0, 0;
    %pushi/vec4 0, 0, 8;
    %assign/vec4 v0x57f540f10e50_0, 0;
    %jmp T_0.1;
T_0.0 ;
    %load/vec4 v0x57f540f10900_0;
    %flag_set/vec4 8;
    %jmp/0xz  T_0.2, 8;
    %load/vec4 v0x57f540ebecf0_0;
    %assign/vec4 v0x57f540f10ad0_0, 0;
    %load/vec4 v0x57f540f10ad0_0;
    %assign/vec4 v0x57f540f10bb0_0, 0;
    %load/vec4 v0x57f540f10bb0_0;
    %assign/vec4 v0x57f540f10c90_0, 0;
    %load/vec4 v0x57f540f10c90_0;
    %assign/vec4 v0x57f540f10d70_0, 0;
    %load/vec4 v0x57f540f10d70_0;
    %assign/vec4 v0x57f540f10e50_0, 0;
T_0.2 ;
T_0.1 ;
    %jmp T_0;
    .thread T_0;
    .scope S_0x57f540efb3b0;
T_1 ;
    %wait E_0x57f540ef86e0;
    %load/vec4 v0x57f540f10e50_0;
    %assign/vec4 v0x57f540f10750_0, 0;
    %jmp T_1;
    .thread T_1, $push;
    .scope S_0x57f540efb220;
T_2 ;
    %delay 5, 0;
    %load/vec4 v0x57f540f11180_0;
    %inv;
    %store/vec4 v0x57f540f11180_0, 0, 1;
    %jmp T_2;
    .thread T_2;
    .scope S_0x57f540efb220;
T_3 ;
    %pushi/vec4 0, 0, 1;
    %store/vec4 v0x57f540f11180_0, 0, 1;
    %pushi/vec4 0, 0, 1;
    %store/vec4 v0x57f540f11350_0, 0, 1;
    %pushi/vec4 0, 0, 1;
    %store/vec4 v0x57f540f11280_0, 0, 1;
    %pushi/vec4 0, 0, 8;
    %store/vec4 v0x57f540f10fd0_0, 0, 8;
    %vpi_call 2 30 "$dumpfile", "shift_register_wave.vcd" {0 0 0};
    %vpi_call 2 31 "$dumpvars", 32'sb00000000000000000000000000000000, S_0x57f540efb220 {0 0 0};
    %pushi/vec4 1, 0, 1;
    %store/vec4 v0x57f540f11350_0, 0, 1;
    %delay 10, 0;
    %pushi/vec4 0, 0, 1;
    %store/vec4 v0x57f540f11350_0, 0, 1;
    %delay 10, 0;
    %pushi/vec4 1, 0, 1;
    %store/vec4 v0x57f540f11280_0, 0, 1;
    %pushi/vec4 170, 0, 8;
    %store/vec4 v0x57f540f10fd0_0, 0, 8;
    %delay 10, 0;
    %pushi/vec4 0, 0, 1;
    %store/vec4 v0x57f540f11280_0, 0, 1;
    %pushi/vec4 204, 0, 8;
    %store/vec4 v0x57f540f10fd0_0, 0, 8;
    %delay 10, 0;
    %pushi/vec4 1, 0, 1;
    %store/vec4 v0x57f540f11280_0, 0, 1;
    %pushi/vec4 255, 0, 8;
    %store/vec4 v0x57f540f10fd0_0, 0, 8;
    %delay 50, 0;
    %vpi_call 2 54 "$finish" {0 0 0};
    %end;
    .thread T_3;
# The file index is used to find the file name in the following table.
:file_names 4;
    "N/A";
    "<interactive>";
    "register2_tb.v";
    "register2.v";
