#! /usr/bin/vvp
:ivl_version "11.0 (stable)";
:ivl_delay_selection "TYPICAL";
:vpi_time_precision + 0;
:vpi_module "/usr/lib/x86_64-linux-gnu/ivl/system.vpi";
:vpi_module "/usr/lib/x86_64-linux-gnu/ivl/vhdl_sys.vpi";
:vpi_module "/usr/lib/x86_64-linux-gnu/ivl/vhdl_textio.vpi";
:vpi_module "/usr/lib/x86_64-linux-gnu/ivl/v2005_math.vpi";
:vpi_module "/usr/lib/x86_64-linux-gnu/ivl/va_math.vpi";
S_0x5a4590118d20 .scope module, "tb_register" "tb_register" 2 1;
 .timescale 0 0;
v0x5a459012d2e0_0 .var "D", 7 0;
v0x5a459012d3c0_0 .net "Q", 7 0, v0x5a459012cec0_0;  1 drivers
v0x5a459012d490_0 .var "clk", 0 0;
v0x5a459012d590_0 .var "enable", 0 0;
v0x5a459012d660_0 .var "reset", 0 0;
S_0x5a4590118eb0 .scope module, "uut" "reg8bit_register" 2 9, 3 1 0, S_0x5a4590118d20;
 .timescale 0 0;
    .port_info 0 /INPUT 8 "D";
    .port_info 1 /INPUT 1 "reset";
    .port_info 2 /INPUT 1 "enable";
    .port_info 3 /INPUT 1 "clk";
    .port_info 4 /OUTPUT 8 "Q";
v0x5a45900e0ba0_0 .net "D", 7 0, v0x5a459012d2e0_0;  1 drivers
v0x5a459012cec0_0 .var "Q", 7 0;
v0x5a459012cfa0_0 .net "clk", 0 0, v0x5a459012d490_0;  1 drivers
v0x5a459012d070_0 .net "enable", 0 0, v0x5a459012d590_0;  1 drivers
v0x5a459012d130_0 .net "reset", 0 0, v0x5a459012d660_0;  1 drivers
E_0x5a4590117c00 .event posedge, v0x5a459012d130_0, v0x5a459012cfa0_0;
    .scope S_0x5a4590118eb0;
T_0 ;
    %wait E_0x5a4590117c00;
    %load/vec4 v0x5a459012d130_0;
    %flag_set/vec4 8;
    %jmp/0xz  T_0.0, 8;
    %pushi/vec4 0, 0, 8;
    %assign/vec4 v0x5a459012cec0_0, 0;
    %jmp T_0.1;
T_0.0 ;
    %load/vec4 v0x5a459012d070_0;
    %flag_set/vec4 8;
    %jmp/0xz  T_0.2, 8;
    %load/vec4 v0x5a45900e0ba0_0;
    %assign/vec4 v0x5a459012cec0_0, 0;
T_0.2 ;
T_0.1 ;
    %jmp T_0;
    .thread T_0;
    .scope S_0x5a4590118d20;
T_1 ;
    %delay 5, 0;
    %load/vec4 v0x5a459012d490_0;
    %inv;
    %store/vec4 v0x5a459012d490_0, 0, 1;
    %jmp T_1;
    .thread T_1;
    .scope S_0x5a4590118d20;
T_2 ;
    %pushi/vec4 0, 0, 1;
    %store/vec4 v0x5a459012d490_0, 0, 1;
    %pushi/vec4 0, 0, 1;
    %store/vec4 v0x5a459012d660_0, 0, 1;
    %pushi/vec4 0, 0, 1;
    %store/vec4 v0x5a459012d590_0, 0, 1;
    %pushi/vec4 0, 0, 8;
    %store/vec4 v0x5a459012d2e0_0, 0, 8;
    %vpi_call 2 30 "$dumpfile", "register_wave.vcd" {0 0 0};
    %vpi_call 2 31 "$dumpvars", 32'sb00000000000000000000000000000000, S_0x5a4590118d20 {0 0 0};
    %pushi/vec4 1, 0, 1;
    %store/vec4 v0x5a459012d660_0, 0, 1;
    %delay 10, 0;
    %pushi/vec4 0, 0, 1;
    %store/vec4 v0x5a459012d660_0, 0, 1;
    %delay 10, 0;
    %pushi/vec4 1, 0, 1;
    %store/vec4 v0x5a459012d590_0, 0, 1;
    %pushi/vec4 170, 0, 8;
    %store/vec4 v0x5a459012d2e0_0, 0, 8;
    %delay 10, 0;
    %pushi/vec4 0, 0, 1;
    %store/vec4 v0x5a459012d590_0, 0, 1;
    %delay 10, 0;
    %pushi/vec4 1, 0, 1;
    %store/vec4 v0x5a459012d590_0, 0, 1;
    %pushi/vec4 204, 0, 8;
    %store/vec4 v0x5a459012d2e0_0, 0, 8;
    %delay 10, 0;
    %pushi/vec4 0, 0, 1;
    %store/vec4 v0x5a459012d590_0, 0, 1;
    %pushi/vec4 240, 0, 8;
    %store/vec4 v0x5a459012d2e0_0, 0, 8;
    %delay 10, 0;
    %vpi_call 2 57 "$finish" {0 0 0};
    %end;
    .thread T_2;
# The file index is used to find the file name in the following table.
:file_names 4;
    "N/A";
    "<interactive>";
    "register_tb.v";
    "register.v";
