#! /usr/bin/vvp
:ivl_version "11.0 (stable)";
:ivl_delay_selection "TYPICAL";
:vpi_time_precision + 0;
:vpi_module "/usr/lib/x86_64-linux-gnu/ivl/system.vpi";
:vpi_module "/usr/lib/x86_64-linux-gnu/ivl/vhdl_sys.vpi";
:vpi_module "/usr/lib/x86_64-linux-gnu/ivl/vhdl_textio.vpi";
:vpi_module "/usr/lib/x86_64-linux-gnu/ivl/v2005_math.vpi";
:vpi_module "/usr/lib/x86_64-linux-gnu/ivl/va_math.vpi";
S_0x5c74287234e0 .scope module, "tb_sequence_detector" "tb_sequence_detector" 2 1;
 .timescale 0 0;
v0x5c742873a150_0 .var "clk", 0 0;
v0x5c742873a210_0 .net "detected", 0 0, v0x5c7428739c70_0;  1 drivers
v0x5c742873a2e0_0 .var "in", 0 0;
v0x5c742873a3e0_0 .var "reset", 0 0;
S_0x5c7428723670 .scope module, "uut" "sequence_detector" 2 9, 3 1 0, S_0x5c74287234e0;
 .timescale 0 0;
    .port_info 0 /INPUT 1 "clk";
    .port_info 1 /INPUT 1 "reset";
    .port_info 2 /INPUT 1 "in";
    .port_info 3 /OUTPUT 1 "detected";
P_0x5c74286e7c40 .param/l "S0" 0 3 9, C4<000>;
P_0x5c74286e7c80 .param/l "S1" 0 3 10, C4<001>;
P_0x5c74286e7cc0 .param/l "S2" 0 3 11, C4<010>;
P_0x5c74286e7d00 .param/l "S3" 0 3 12, C4<011>;
P_0x5c74286e7d40 .param/l "S4" 0 3 13, C4<100>;
P_0x5c74286e7d80 .param/l "S5" 0 3 14, C4<101>;
P_0x5c74286e7dc0 .param/l "S6" 0 3 15, C4<110>;
v0x5c74287100f0_0 .net "clk", 0 0, v0x5c742873a150_0;  1 drivers
v0x5c7428739c70_0 .var "detected", 0 0;
v0x5c7428739d30_0 .net "in", 0 0, v0x5c742873a2e0_0;  1 drivers
v0x5c7428739e00_0 .var "next_state", 2 0;
v0x5c7428739ee0_0 .net "reset", 0 0, v0x5c742873a3e0_0;  1 drivers
v0x5c7428739ff0_0 .var "state", 2 0;
E_0x5c742871f9a0 .event edge, v0x5c7428739ff0_0;
E_0x5c74286e6480 .event edge, v0x5c7428739d30_0, v0x5c7428739ff0_0;
E_0x5c742871f800 .event posedge, v0x5c7428739ee0_0, v0x5c74287100f0_0;
    .scope S_0x5c7428723670;
T_0 ;
    %wait E_0x5c742871f800;
    %load/vec4 v0x5c7428739ee0_0;
    %flag_set/vec4 8;
    %jmp/0xz  T_0.0, 8;
    %pushi/vec4 0, 0, 3;
    %assign/vec4 v0x5c7428739ff0_0, 0;
    %jmp T_0.1;
T_0.0 ;
    %load/vec4 v0x5c7428739e00_0;
    %assign/vec4 v0x5c7428739ff0_0, 0;
T_0.1 ;
    %jmp T_0;
    .thread T_0;
    .scope S_0x5c7428723670;
T_1 ;
    %wait E_0x5c74286e6480;
    %load/vec4 v0x5c7428739ff0_0;
    %dup/vec4;
    %pushi/vec4 0, 0, 3;
    %cmp/u;
    %jmp/1 T_1.0, 6;
    %dup/vec4;
    %pushi/vec4 1, 0, 3;
    %cmp/u;
    %jmp/1 T_1.1, 6;
    %dup/vec4;
    %pushi/vec4 2, 0, 3;
    %cmp/u;
    %jmp/1 T_1.2, 6;
    %dup/vec4;
    %pushi/vec4 3, 0, 3;
    %cmp/u;
    %jmp/1 T_1.3, 6;
    %dup/vec4;
    %pushi/vec4 4, 0, 3;
    %cmp/u;
    %jmp/1 T_1.4, 6;
    %dup/vec4;
    %pushi/vec4 5, 0, 3;
    %cmp/u;
    %jmp/1 T_1.5, 6;
    %dup/vec4;
    %pushi/vec4 6, 0, 3;
    %cmp/u;
    %jmp/1 T_1.6, 6;
    %pushi/vec4 0, 0, 3;
    %store/vec4 v0x5c7428739e00_0, 0, 3;
    %jmp T_1.8;
T_1.0 ;
    %load/vec4 v0x5c7428739d30_0;
    %flag_set/vec4 8;
    %jmp/0 T_1.9, 8;
    %pushi/vec4 1, 0, 3;
    %jmp/1 T_1.10, 8;
T_1.9 ; End of true expr.
    %pushi/vec4 0, 0, 3;
    %jmp/0 T_1.10, 8;
 ; End of false expr.
    %blend;
T_1.10;
    %store/vec4 v0x5c7428739e00_0, 0, 3;
    %jmp T_1.8;
T_1.1 ;
    %load/vec4 v0x5c7428739d30_0;
    %flag_set/vec4 8;
    %jmp/0 T_1.11, 8;
    %pushi/vec4 1, 0, 3;
    %jmp/1 T_1.12, 8;
T_1.11 ; End of true expr.
    %pushi/vec4 2, 0, 3;
    %jmp/0 T_1.12, 8;
 ; End of false expr.
    %blend;
T_1.12;
    %store/vec4 v0x5c7428739e00_0, 0, 3;
    %jmp T_1.8;
T_1.2 ;
    %load/vec4 v0x5c7428739d30_0;
    %flag_set/vec4 8;
    %jmp/0 T_1.13, 8;
    %pushi/vec4 3, 0, 3;
    %jmp/1 T_1.14, 8;
T_1.13 ; End of true expr.
    %pushi/vec4 0, 0, 3;
    %jmp/0 T_1.14, 8;
 ; End of false expr.
    %blend;
T_1.14;
    %store/vec4 v0x5c7428739e00_0, 0, 3;
    %jmp T_1.8;
T_1.3 ;
    %load/vec4 v0x5c7428739d30_0;
    %flag_set/vec4 8;
    %jmp/0 T_1.15, 8;
    %pushi/vec4 3, 0, 3;
    %jmp/1 T_1.16, 8;
T_1.15 ; End of true expr.
    %pushi/vec4 4, 0, 3;
    %jmp/0 T_1.16, 8;
 ; End of false expr.
    %blend;
T_1.16;
    %store/vec4 v0x5c7428739e00_0, 0, 3;
    %jmp T_1.8;
T_1.4 ;
    %load/vec4 v0x5c7428739d30_0;
    %flag_set/vec4 8;
    %jmp/0 T_1.17, 8;
    %pushi/vec4 5, 0, 3;
    %jmp/1 T_1.18, 8;
T_1.17 ; End of true expr.
    %pushi/vec4 0, 0, 3;
    %jmp/0 T_1.18, 8;
 ; End of false expr.
    %blend;
T_1.18;
    %store/vec4 v0x5c7428739e00_0, 0, 3;
    %jmp T_1.8;
T_1.5 ;
    %load/vec4 v0x5c7428739d30_0;
    %flag_set/vec4 8;
    %jmp/0 T_1.19, 8;
    %pushi/vec4 1, 0, 3;
    %jmp/1 T_1.20, 8;
T_1.19 ; End of true expr.
    %pushi/vec4 6, 0, 3;
    %jmp/0 T_1.20, 8;
 ; End of false expr.
    %blend;
T_1.20;
    %store/vec4 v0x5c7428739e00_0, 0, 3;
    %jmp T_1.8;
T_1.6 ;
    %pushi/vec4 6, 0, 3;
    %store/vec4 v0x5c7428739e00_0, 0, 3;
    %jmp T_1.8;
T_1.8 ;
    %pop/vec4 1;
    %jmp T_1;
    .thread T_1, $push;
    .scope S_0x5c7428723670;
T_2 ;
    %wait E_0x5c742871f9a0;
    %load/vec4 v0x5c7428739ff0_0;
    %cmpi/e 6, 0, 3;
    %jmp/0xz  T_2.0, 4;
    %pushi/vec4 1, 0, 1;
    %store/vec4 v0x5c7428739c70_0, 0, 1;
    %jmp T_2.1;
T_2.0 ;
    %pushi/vec4 0, 0, 1;
    %store/vec4 v0x5c7428739c70_0, 0, 1;
T_2.1 ;
    %jmp T_2;
    .thread T_2, $push;
    .scope S_0x5c74287234e0;
T_3 ;
    %delay 5, 0;
    %load/vec4 v0x5c742873a150_0;
    %inv;
    %store/vec4 v0x5c742873a150_0, 0, 1;
    %jmp T_3;
    .thread T_3;
    .scope S_0x5c74287234e0;
T_4 ;
    %pushi/vec4 0, 0, 1;
    %store/vec4 v0x5c742873a150_0, 0, 1;
    %pushi/vec4 1, 0, 1;
    %store/vec4 v0x5c742873a3e0_0, 0, 1;
    %pushi/vec4 0, 0, 1;
    %store/vec4 v0x5c742873a2e0_0, 0, 1;
    %delay 10, 0;
    %pushi/vec4 0, 0, 1;
    %store/vec4 v0x5c742873a3e0_0, 0, 1;
    %delay 10, 0;
    %pushi/vec4 1, 0, 1;
    %store/vec4 v0x5c742873a2e0_0, 0, 1;
    %delay 10, 0;
    %pushi/vec4 0, 0, 1;
    %store/vec4 v0x5c742873a2e0_0, 0, 1;
    %delay 10, 0;
    %pushi/vec4 1, 0, 1;
    %store/vec4 v0x5c742873a2e0_0, 0, 1;
    %delay 10, 0;
    %pushi/vec4 1, 0, 1;
    %store/vec4 v0x5c742873a2e0_0, 0, 1;
    %delay 10, 0;
    %pushi/vec4 0, 0, 1;
    %store/vec4 v0x5c742873a2e0_0, 0, 1;
    %delay 10, 0;
    %pushi/vec4 1, 0, 1;
    %store/vec4 v0x5c742873a2e0_0, 0, 1;
    %delay 10, 0;
    %pushi/vec4 0, 0, 1;
    %store/vec4 v0x5c742873a2e0_0, 0, 1;
    %delay 10, 0;
    %pushi/vec4 1, 0, 1;
    %store/vec4 v0x5c742873a2e0_0, 0, 1;
    %delay 10, 0;
    %pushi/vec4 0, 0, 1;
    %store/vec4 v0x5c742873a2e0_0, 0, 1;
    %delay 10, 0;
    %pushi/vec4 1, 0, 1;
    %store/vec4 v0x5c742873a2e0_0, 0, 1;
    %delay 100, 0;
    %vpi_call 2 44 "$finish" {0 0 0};
    %end;
    .thread T_4;
    .scope S_0x5c74287234e0;
T_5 ;
    %vpi_call 2 49 "$dumpfile", "sequence_detector.vcd" {0 0 0};
    %vpi_call 2 50 "$dumpvars", 32'sb00000000000000000000000000000000, S_0x5c74287234e0 {0 0 0};
    %end;
    .thread T_5;
# The file index is used to find the file name in the following table.
:file_names 4;
    "N/A";
    "<interactive>";
    "state_tb.v";
    "state.v";
