#! /usr/bin/vvp
:ivl_version "11.0 (stable)";
:ivl_delay_selection "TYPICAL";
:vpi_time_precision + 0;
:vpi_module "/usr/lib/x86_64-linux-gnu/ivl/system.vpi";
:vpi_module "/usr/lib/x86_64-linux-gnu/ivl/vhdl_sys.vpi";
:vpi_module "/usr/lib/x86_64-linux-gnu/ivl/vhdl_textio.vpi";
:vpi_module "/usr/lib/x86_64-linux-gnu/ivl/v2005_math.vpi";
:vpi_module "/usr/lib/x86_64-linux-gnu/ivl/va_math.vpi";
S_0x5c720b713dc0 .scope module, "hello" "hello" 2 1;
 .timescale 0 0;
    .port_info 0 /INPUT 1 "a_i";
    .port_info 1 /INPUT 1 "b_i";
    .port_info 2 /OUTPUT 1 "c_o";
o0x7297c097f018 .functor BUFZ 1, C4<z>; HiZ drive
v0x5c720b7157b0_0 .net "a_i", 0 0, o0x7297c097f018;  0 drivers
o0x7297c097f048 .functor BUFZ 1, C4<z>; HiZ drive
v0x5c720b715ba0_0 .net "b_i", 0 0, o0x7297c097f048;  0 drivers
v0x5c720b759f40_0 .net "c_o", 0 0, L_0x5c720b75a060;  1 drivers
L_0x5c720b75a060 .arith/sum 1, o0x7297c097f018, o0x7297c097f048;
# The file index is used to find the file name in the following table.
:file_names 3;
    "N/A";
    "<interactive>";
    "test.v";
